#
# There is insufficient memory for the Java Runtime Environment to continue.
# Native memory allocation (malloc) failed to allocate 289296 bytes. Error detail: Chunk::new
# Possible reasons:
#   The system is out of physical RAM or swap space
#   This process is running with CompressedOops enabled, and the Java Heap may be blocking the growth of the native heap
# Possible solutions:
#   Reduce memory load on the system
#   Increase physical memory or swap space
#   Check if swap backing store is full
#   Decrease Java heap size (-Xmx/-Xms)
#   Decrease number of Java threads
#   Decrease Java thread stack sizes (-Xss)
#   Set larger code cache with -XX:ReservedCodeCacheSize=
#   JVM is running with Unscaled Compressed Oops mode in which the Java heap is
#     placed in the first 4GB address space. The Java Heap base address is the
#     maximum limit for the native heap growth. Please use -XX:HeapBaseMinAddress
#     to set the Java Heap base and to place the Java Heap above 4GB virtual address.
# This output file may be truncated or incomplete.
#
#  Out of Memory Error (arena.cpp:168), pid=24380, tid=22076
#
# JRE version: OpenJDK Runtime Environment Temurin-21.0.8+9 (21.0.8+9) (build 21.0.8+9-LTS)
# Java VM: OpenJDK 64-Bit Server VM Temurin-21.0.8+9 (21.0.8+9-LTS, mixed mode, sharing, tiered, compressed oops, compressed class ptrs, parallel gc, windows-amd64)
# No core dump will be written. Minidumps are not enabled by default on client versions of Windows
#

---------------  S U M M A R Y ------------

Command Line: --add-modules=ALL-SYSTEM --add-opens=java.base/java.util=ALL-UNNAMED --add-opens=java.base/java.lang=ALL-UNNAMED --add-opens=java.base/sun.nio.fs=ALL-UNNAMED -Declipse.application=org.eclipse.jdt.ls.core.id1 -Dosgi.bundles.defaultStartLevel=4 -Declipse.product=org.eclipse.jdt.ls.core.product -Djava.import.generatesMetadataFilesAtProjectRoot=false -DDetectVMInstallationsJob.disabled=true -Dfile.encoding=utf8 -XX:+UseParallelGC -XX:GCTimeRatio=4 -XX:AdaptiveSizePolicyWeight=90 -Dsun.zip.disableMemoryMapping=true -Xmx2G -Xms100m -Xlog:disable -javaagent:c:\Users\Shaunak Mishra\.vscode\extensions\redhat.java-1.45.0-win32-x64\lombok\lombok-1.18.39-4050.jar c:\Users\Shaunak Mishra\.vscode\extensions\redhat.java-1.45.0-win32-x64\server\plugins\org.eclipse.equinox.launcher_1.7.0.v20250519-0528.jar -configuration c:\Users\Shaunak Mishra\AppData\Roaming\Code\User\globalStorage\redhat.java\1.45.0\config_ss_win -data c:\Users\Shaunak Mishra\AppData\Roaming\Code\User\workspaceStorage\3b7185d564d7917b3f2df1bbc2ad3fb6\redhat.java\ss_ws --pipe=\\.\pipe\lsp-8e7e1fdbef8de34ce886bdf09ef98e18-sock

Host: 13th Gen Intel(R) Core(TM) i5-13420H, 12 cores, 15G,  Windows 11 , 64 bit Build 26100 (10.0.26100.5074)
Time: Sun Sep 14 22:21:18 2025 India Standard Time elapsed time: 8.195924 seconds (0d 0h 0m 8s)

---------------  T H R E A D  ---------------

Current thread (0x0000020847038220):  JavaThread "C2 CompilerThread0" daemon [_thread_in_native, id=22076, stack(0x000000da97900000,0x000000da97a00000) (1024K)]


Current CompileTask:
C2:8196 2414 %     4       java.util.Properties$LineReader::readLine @ 224 (584 bytes)

Stack: [0x000000da97900000,0x000000da97a00000]
Native frames: (J=compiled Java code, j=interpreted, Vv=VM code, C=native code)
V  [jvm.dll+0x6d2449]
V  [jvm.dll+0x8ae341]
V  [jvm.dll+0x8b08be]
V  [jvm.dll+0x8b0fa3]
V  [jvm.dll+0x280c96]
V  [jvm.dll+0xc581d]
V  [jvm.dll+0xc5d53]
V  [jvm.dll+0x3b9162]
V  [jvm.dll+0x385315]
V  [jvm.dll+0x38477a]
V  [jvm.dll+0x248ed0]
V  [jvm.dll+0x2484af]
V  [jvm.dll+0x1c89ee]
V  [jvm.dll+0x257d4d]
V  [jvm.dll+0x2562ea]
V  [jvm.dll+0x3f2d16]
V  [jvm.dll+0x857e6b]
V  [jvm.dll+0x6d0b0d]
C  [ucrtbase.dll+0x37b0]
C  [KERNEL32.DLL+0x2e8d7]
C  [ntdll.dll+0x8d9c]


---------------  P R O C E S S  ---------------

Threads class SMR info:
_java_thread_list=0x0000020864b06ce0, length=17, elements={
0x0000020844afb0e0, 0x000002085da1e3d0, 0x0000020847022fe0, 0x00000208470277f0,
0x0000020847028370, 0x000002084702b210, 0x000002084702e770, 0x0000020847038220,
0x000002084703e5e0, 0x000002085ee7bf50, 0x000002085f112120, 0x0000020864c49070,
0x0000020864c49d90, 0x0000020864c49700, 0x0000020864c4a420, 0x00000208648c2ca0,
0x00000208648c3330
}

Java Threads: ( => current thread )
  0x0000020844afb0e0 JavaThread "main"                              [_thread_blocked, id=13076, stack(0x000000da96f00000,0x000000da97000000) (1024K)]
  0x000002085da1e3d0 JavaThread "Reference Handler"          daemon [_thread_blocked, id=19692, stack(0x000000da97300000,0x000000da97400000) (1024K)]
  0x0000020847022fe0 JavaThread "Finalizer"                  daemon [_thread_blocked, id=3036, stack(0x000000da97400000,0x000000da97500000) (1024K)]
  0x00000208470277f0 JavaThread "Signal Dispatcher"          daemon [_thread_blocked, id=21432, stack(0x000000da97500000,0x000000da97600000) (1024K)]
  0x0000020847028370 JavaThread "Attach Listener"            daemon [_thread_blocked, id=2020, stack(0x000000da97600000,0x000000da97700000) (1024K)]
  0x000002084702b210 JavaThread "Service Thread"             daemon [_thread_blocked, id=18900, stack(0x000000da97700000,0x000000da97800000) (1024K)]
  0x000002084702e770 JavaThread "Monitor Deflation Thread"   daemon [_thread_blocked, id=15648, stack(0x000000da97800000,0x000000da97900000) (1024K)]
=>0x0000020847038220 JavaThread "C2 CompilerThread0"         daemon [_thread_in_native, id=22076, stack(0x000000da97900000,0x000000da97a00000) (1024K)]
  0x000002084703e5e0 JavaThread "C1 CompilerThread0"         daemon [_thread_blocked, id=26512, stack(0x000000da97a00000,0x000000da97b00000) (1024K)]
  0x000002085ee7bf50 JavaThread "Common-Cleaner"             daemon [_thread_blocked, id=25224, stack(0x000000da97b00000,0x000000da97c00000) (1024K)]
  0x000002085f112120 JavaThread "Notification Thread"        daemon [_thread_blocked, id=8248, stack(0x000000da97d00000,0x000000da97e00000) (1024K)]
  0x0000020864c49070 JavaThread "Active Thread: Equinox Container: f1ba2e68-a3fe-40ca-bdd1-489c1089ba84"        [_thread_blocked, id=24900, stack(0x000000da98500000,0x000000da98600000) (1024K)]
  0x0000020864c49d90 JavaThread "Framework Event Dispatcher: Equinox Container: f1ba2e68-a3fe-40ca-bdd1-489c1089ba84" daemon [_thread_blocked, id=4468, stack(0x000000da98600000,0x000000da98700000) (1024K)]
  0x0000020864c49700 JavaThread "Start Level: Equinox Container: f1ba2e68-a3fe-40ca-bdd1-489c1089ba84" daemon [_thread_in_native, id=15428, stack(0x000000da98700000,0x000000da98800000) (1024K)]
  0x0000020864c4a420 JavaThread "SCR Component Actor"        daemon [_thread_blocked, id=21660, stack(0x000000da98900000,0x000000da98a00000) (1024K)]
  0x00000208648c2ca0 JavaThread "SCR Component Registry"     daemon [_thread_blocked, id=19744, stack(0x000000da97c00000,0x000000da97d00000) (1024K)]
  0x00000208648c3330 JavaThread "Worker-JM"                         [_thread_blocked, id=26468, stack(0x000000da97e00000,0x000000da97f00000) (1024K)]
Total: 17

Other Threads:
  0x0000020847021c30 VMThread "VM Thread"                           [id=25388, stack(0x000000da97200000,0x000000da97300000) (1024K)]
  0x000002085d8fca00 WatcherThread "VM Periodic Task Thread"        [id=3264, stack(0x000000da97100000,0x000000da97200000) (1024K)]
  0x0000020846f9cdf0 WorkerThread "GC Thread#0"                     [id=864, stack(0x000000da97000000,0x000000da97100000) (1024K)]
  0x000002086411a7d0 WorkerThread "GC Thread#1"                     [id=9992, stack(0x000000da97f00000,0x000000da98000000) (1024K)]
  0x000002086462a540 WorkerThread "GC Thread#2"                     [id=8156, stack(0x000000da98000000,0x000000da98100000) (1024K)]
  0x00000208640acda0 WorkerThread "GC Thread#3"                     [id=14516, stack(0x000000da98100000,0x000000da98200000) (1024K)]
  0x00000208640ad550 WorkerThread "GC Thread#4"                     [id=5520, stack(0x000000da98200000,0x000000da98300000) (1024K)]
  0x000002086414c330 WorkerThread "GC Thread#5"                     [id=23476, stack(0x000000da98300000,0x000000da98400000) (1024K)]
  0x000002086414cae0 WorkerThread "GC Thread#6"                     [id=17280, stack(0x000000da98400000,0x000000da98500000) (1024K)]
  0x0000020864185500 WorkerThread "GC Thread#7"                     [id=15452, stack(0x000000da98800000,0x000000da98900000) (1024K)]
  0x0000020864c44b10 WorkerThread "GC Thread#8"                     [id=16484, stack(0x000000da98a00000,0x000000da98b00000) (1024K)]
  0x0000020864b16ba0 WorkerThread "GC Thread#9"                     [id=17996, stack(0x000000da98b00000,0x000000da98c00000) (1024K)]
Total: 12

Threads with active compile tasks:
C2 CompilerThread0  8206 2414 %     4       java.util.Properties$LineReader::readLine @ 224 (584 bytes)
Total: 1

VM state: not at safepoint (normal execution)

VM Mutex/Monitor currently owned by a thread: None

Heap address: 0x0000000080000000, size: 2048 MB, Compressed Oops mode: 32-bit

CDS archive(s) mapped at: [0x0000020800000000-0x0000020800ba0000-0x0000020800ba0000), size 12189696, SharedBaseAddress: 0x0000020800000000, ArchiveRelocationMode: 1.
Compressed class space mapped at: 0x0000020801000000-0x0000020841000000, reserved size: 1073741824
Narrow klass base: 0x0000020800000000, Narrow klass shift: 0, Narrow klass range: 0x100000000

GC Precious Log:
 CardTable entry size: 512
 CPUs: 12 total, 12 available
 Memory: 16087M
 Large Page Support: Disabled
 NUMA Support: Disabled
 Compressed Oops: Enabled (32-bit)
 Alignments: Space 512K, Generation 512K, Heap 2M
 Heap Min Capacity: 100M
 Heap Initial Capacity: 100M
 Heap Max Capacity: 2G
 Pre-touch: Disabled
 Parallel Workers: 10

Heap:
 PSYoungGen      total 29696K, used 16731K [0x00000000d5580000, 0x00000000d7680000, 0x0000000100000000)
  eden space 25600K, 49% used [0x00000000d5580000,0x00000000d61d8bb8,0x00000000d6e80000)
  from space 4096K, 99% used [0x00000000d6e80000,0x00000000d727e338,0x00000000d7280000)
  to   space 4096K, 0% used [0x00000000d7280000,0x00000000d7280000,0x00000000d7680000)
 ParOldGen       total 68608K, used 2739K [0x0000000080000000, 0x0000000084300000, 0x00000000d5580000)
  object space 68608K, 3% used [0x0000000080000000,0x00000000802acff0,0x0000000084300000)
 Metaspace       used 14807K, committed 15360K, reserved 1114112K
  class space    used 1560K, committed 1792K, reserved 1048576K

Card table byte_map: [0x0000020846920000,0x0000020846d30000] _byte_map_base: 0x0000020846520000

Marking Bits: (ParMarkBitMap*) 0x00007ff8fa9ca340
 Begin Bits: [0x0000020859420000, 0x000002085b420000)
 End Bits:   [0x000002085b420000, 0x000002085d420000)

Polling page: 0x0000020844db0000

Metaspace:

Usage:
  Non-class:     12.94 MB used.
      Class:      1.52 MB used.
       Both:     14.46 MB used.

Virtual space:
  Non-class space:       64.00 MB reserved,      13.25 MB ( 21%) committed,  1 nodes.
      Class space:        1.00 GB reserved,       1.75 MB ( <1%) committed,  1 nodes.
             Both:        1.06 GB reserved,      15.00 MB (  1%) committed. 

Chunk freelists:
   Non-Class:  2.01 MB
       Class:  14.26 MB
        Both:  16.28 MB

MaxMetaspaceSize: unlimited
CompressedClassSpaceSize: 1.00 GB
Initial GC threshold: 21.00 MB
Current GC threshold: 21.00 MB
CDS: on
 - commit_granule_bytes: 65536.
 - commit_granule_words: 8192.
 - virtual_space_node_default_size: 8388608.
 - enlarge_chunks_in_place: 1.
 - use_allocation_guard: 0.


Internal statistics:

num_allocs_failed_limit: 0.
num_arena_births: 426.
num_arena_deaths: 0.
num_vsnodes_births: 2.
num_vsnodes_deaths: 0.
num_space_committed: 240.
num_space_uncommitted: 0.
num_chunks_returned_to_freelist: 0.
num_chunks_taken_from_freelist: 952.
num_chunk_merges: 0.
num_chunk_splits: 604.
num_chunks_enlarged: 386.
num_inconsistent_stats: 0.

CodeHeap 'non-profiled nmethods': size=120000Kb used=1022Kb max_used=1022Kb free=118977Kb
 bounds [0x0000020851c40000, 0x0000020851eb0000, 0x0000020859170000]
CodeHeap 'profiled nmethods': size=120000Kb used=4632Kb max_used=4632Kb free=115367Kb
 bounds [0x000002084a170000, 0x000002084a600000, 0x00000208516a0000]
CodeHeap 'non-nmethods': size=5760Kb used=1271Kb max_used=1279Kb free=4488Kb
 bounds [0x00000208516a0000, 0x0000020851910000, 0x0000020851c40000]
CodeCache: size=245760Kb, used=6925Kb, max_used=6933Kb, free=238832Kb
 total_blobs=2971, nmethods=2428, adapters=449, full_count=0
Compilation: enabled, stopped_count=0, restarted_count=0

Compilation events (20 events):
Event: 6.179 Thread 0x000002084703e5e0 2412       3       java.util.jar.Manifest$FastInputStream::readLine (296 bytes)
Event: 6.179 Thread 0x000002084703e5e0 nmethod 2412 0x000002084a5ecd10 code [0x000002084a5ecf40, 0x000002084a5ed7a8]
Event: 6.182 Thread 0x0000020864c3eed0 nmethod 2411 0x0000020851d3e010 code [0x0000020851d3e240, 0x0000020851d3ee60]
Event: 6.184 Thread 0x000002084703e5e0 2413       3       java.lang.invoke.DirectMethodHandle$Holder::invokeStatic (15 bytes)
Event: 6.184 Thread 0x000002084703e5e0 nmethod 2413 0x000002084a5edb10 code [0x000002084a5edce0, 0x000002084a5ee240]
Event: 6.184 Thread 0x0000020847038220 2414 %     4       java.util.Properties$LineReader::readLine @ 224 (584 bytes)
Event: 6.185 Thread 0x000002084703e5e0 2415       3       java.lang.ClassLoader::getPlatformClassLoader (21 bytes)
Event: 6.185 Thread 0x000002084703e5e0 nmethod 2415 0x000002084a5ee390 code [0x000002084a5ee560, 0x000002084a5ee7f0]
Event: 6.185 Thread 0x000002084703e5e0 2416       3       java.lang.ClassLoader::getBuiltinPlatformClassLoader (4 bytes)
Event: 6.185 Thread 0x000002084703e5e0 nmethod 2416 0x000002084a5ee910 code [0x000002084a5eeac0, 0x000002084a5eec10]
Event: 6.185 Thread 0x000002084703e5e0 2417   !   3       java.lang.invoke.MethodHandleNatives::linkMethodHandleConstant (50 bytes)
Event: 6.185 Thread 0x000002084703e5e0 nmethod 2417 0x000002084a5eec90 code [0x000002084a5eee60, 0x000002084a5ef068]
Event: 6.185 Thread 0x000002084703e5e0 2418       3       java.lang.invoke.MethodHandles$Lookup::linkMethodHandleConstant (223 bytes)
Event: 6.186 Thread 0x000002084703e5e0 nmethod 2418 0x000002084a5ef210 code [0x000002084a5ef600, 0x000002084a5f0db0]
Event: 6.186 Thread 0x000002084703e5e0 2419       3       java.lang.invoke.LambdaForm$MH/0x0000020801019c00::invoke (25 bytes)
Event: 6.186 Thread 0x000002084703e5e0 nmethod 2419 0x000002084a5f1510 code [0x000002084a5f16e0, 0x000002084a5f1c20]
Event: 6.190 Thread 0x000002084703e5e0 2420       3       org.eclipse.equinox.plurl.PlurlStreamHandlerBase::<init> (5 bytes)
Event: 6.190 Thread 0x000002084703e5e0 nmethod 2420 0x000002084a5f1d90 code [0x000002084a5f1f40, 0x000002084a5f2108]
Event: 6.195 Thread 0x000002084703e5e0 2421       3       java.lang.Thread::onSpinWait (1 bytes)
Event: 6.196 Thread 0x000002084703e5e0 nmethod 2421 0x000002084a5f2210 code [0x000002084a5f23a0, 0x000002084a5f2488]

GC Heap History (6 events):
Event: 1.445 GC heap before
{Heap before GC invocations=1 (full 0):
 PSYoungGen      total 29696K, used 25600K [0x00000000d5580000, 0x00000000d7680000, 0x0000000100000000)
  eden space 25600K, 100% used [0x00000000d5580000,0x00000000d6e80000,0x00000000d6e80000)
  from space 4096K, 0% used [0x00000000d7280000,0x00000000d7280000,0x00000000d7680000)
  to   space 4096K, 0% used [0x00000000d6e80000,0x00000000d6e80000,0x00000000d7280000)
 ParOldGen       total 68608K, used 0K [0x0000000080000000, 0x0000000084300000, 0x00000000d5580000)
  object space 68608K, 0% used [0x0000000080000000,0x0000000080000000,0x0000000084300000)
 Metaspace       used 4281K, committed 4544K, reserved 1114112K
  class space    used 468K, committed 576K, reserved 1048576K
}
Event: 1.448 GC heap after
{Heap after GC invocations=1 (full 0):
 PSYoungGen      total 29696K, used 3335K [0x00000000d5580000, 0x00000000d7680000, 0x0000000100000000)
  eden space 25600K, 0% used [0x00000000d5580000,0x00000000d5580000,0x00000000d6e80000)
  from space 4096K, 81% used [0x00000000d6e80000,0x00000000d71c1e18,0x00000000d7280000)
  to   space 4096K, 0% used [0x00000000d7280000,0x00000000d7280000,0x00000000d7680000)
 ParOldGen       total 68608K, used 16K [0x0000000080000000, 0x0000000084300000, 0x00000000d5580000)
  object space 68608K, 0% used [0x0000000080000000,0x0000000080004000,0x0000000084300000)
 Metaspace       used 4281K, committed 4544K, reserved 1114112K
  class space    used 468K, committed 576K, reserved 1048576K
}
Event: 1.762 GC heap before
{Heap before GC invocations=2 (full 0):
 PSYoungGen      total 29696K, used 28935K [0x00000000d5580000, 0x00000000d7680000, 0x0000000100000000)
  eden space 25600K, 100% used [0x00000000d5580000,0x00000000d6e80000,0x00000000d6e80000)
  from space 4096K, 81% used [0x00000000d6e80000,0x00000000d71c1e18,0x00000000d7280000)
  to   space 4096K, 0% used [0x00000000d7280000,0x00000000d7280000,0x00000000d7680000)
 ParOldGen       total 68608K, used 16K [0x0000000080000000, 0x0000000084300000, 0x00000000d5580000)
  object space 68608K, 0% used [0x0000000080000000,0x0000000080004000,0x0000000084300000)
 Metaspace       used 8110K, committed 8320K, reserved 1114112K
  class space    used 864K, committed 960K, reserved 1048576K
}
Event: 1.764 GC heap after
{Heap after GC invocations=2 (full 0):
 PSYoungGen      total 29696K, used 4075K [0x00000000d5580000, 0x00000000d7680000, 0x0000000100000000)
  eden space 25600K, 0% used [0x00000000d5580000,0x00000000d5580000,0x00000000d6e80000)
  from space 4096K, 99% used [0x00000000d7280000,0x00000000d767af70,0x00000000d7680000)
  to   space 4096K, 0% used [0x00000000d6e80000,0x00000000d6e80000,0x00000000d7280000)
 ParOldGen       total 68608K, used 933K [0x0000000080000000, 0x0000000084300000, 0x00000000d5580000)
  object space 68608K, 1% used [0x0000000080000000,0x00000000800e96b8,0x0000000084300000)
 Metaspace       used 8110K, committed 8320K, reserved 1114112K
  class space    used 864K, committed 960K, reserved 1048576K
}
Event: 5.048 GC heap before
{Heap before GC invocations=3 (full 0):
 PSYoungGen      total 29696K, used 29675K [0x00000000d5580000, 0x00000000d7680000, 0x0000000100000000)
  eden space 25600K, 100% used [0x00000000d5580000,0x00000000d6e80000,0x00000000d6e80000)
  from space 4096K, 99% used [0x00000000d7280000,0x00000000d767af70,0x00000000d7680000)
  to   space 4096K, 0% used [0x00000000d6e80000,0x00000000d6e80000,0x00000000d7280000)
 ParOldGen       total 68608K, used 933K [0x0000000080000000, 0x0000000084300000, 0x00000000d5580000)
  object space 68608K, 1% used [0x0000000080000000,0x00000000800e96b8,0x0000000084300000)
 Metaspace       used 12901K, committed 13440K, reserved 1114112K
  class space    used 1367K, committed 1600K, reserved 1048576K
}
Event: 5.051 GC heap after
{Heap after GC invocations=3 (full 0):
 PSYoungGen      total 29696K, used 4088K [0x00000000d5580000, 0x00000000d7680000, 0x0000000100000000)
  eden space 25600K, 0% used [0x00000000d5580000,0x00000000d5580000,0x00000000d6e80000)
  from space 4096K, 99% used [0x00000000d6e80000,0x00000000d727e338,0x00000000d7280000)
  to   space 4096K, 0% used [0x00000000d7280000,0x00000000d7280000,0x00000000d7680000)
 ParOldGen       total 68608K, used 2739K [0x0000000080000000, 0x0000000084300000, 0x00000000d5580000)
  object space 68608K, 3% used [0x0000000080000000,0x00000000802acff0,0x0000000084300000)
 Metaspace       used 12901K, committed 13440K, reserved 1114112K
  class space    used 1367K, committed 1600K, reserved 1048576K
}

Dll operation events (9 events):
Event: 0.006 Loaded shared library c:\Users\Shaunak Mishra\.vscode\extensions\redhat.java-1.45.0-win32-x64\jre\21.0.8-win32-x86_64\bin\java.dll
Event: 0.045 Loaded shared library c:\Users\Shaunak Mishra\.vscode\extensions\redhat.java-1.45.0-win32-x64\jre\21.0.8-win32-x86_64\bin\zip.dll
Event: 0.056 Loaded shared library C:\Users\Shaunak Mishra\.vscode\extensions\redhat.java-1.45.0-win32-x64\jre\21.0.8-win32-x86_64\bin\instrument.dll
Event: 0.059 Loaded shared library C:\Users\Shaunak Mishra\.vscode\extensions\redhat.java-1.45.0-win32-x64\jre\21.0.8-win32-x86_64\bin\net.dll
Event: 0.061 Loaded shared library C:\Users\Shaunak Mishra\.vscode\extensions\redhat.java-1.45.0-win32-x64\jre\21.0.8-win32-x86_64\bin\nio.dll
Event: 0.063 Loaded shared library C:\Users\Shaunak Mishra\.vscode\extensions\redhat.java-1.45.0-win32-x64\jre\21.0.8-win32-x86_64\bin\zip.dll
Event: 0.076 Loaded shared library C:\Users\Shaunak Mishra\.vscode\extensions\redhat.java-1.45.0-win32-x64\jre\21.0.8-win32-x86_64\bin\jimage.dll
Event: 0.121 Loaded shared library c:\Users\Shaunak Mishra\.vscode\extensions\redhat.java-1.45.0-win32-x64\jre\21.0.8-win32-x86_64\bin\verify.dll
Event: 1.753 Loaded shared library C:\Users\Shaunak Mishra\AppData\Roaming\Code\User\globalStorage\redhat.java\1.45.0\config_ss_win\org.eclipse.equinox.launcher\org.eclipse.equinox.launcher.win32.win32.x86_64_1.2.1400.v20250801-0854\eclipse_11916.dll

Deoptimization events (20 events):
Event: 5.078 Thread 0x0000020864c49700 Uncommon trap: trap_request=0xffffff45 fr.pc=0x0000020851d2b674 relative=0x0000000000001154
Event: 5.078 Thread 0x0000020864c49700 Uncommon trap: reason=unstable_if action=reinterpret pc=0x0000020851d2b674 method=java.util.Properties.loadConvert([CIILjava/lang/StringBuilder;)Ljava/lang/String; @ 491 c2
Event: 5.078 Thread 0x0000020864c49700 DEOPT PACKING pc=0x0000020851d2b674 sp=0x000000da987f77f0
Event: 5.078 Thread 0x0000020864c49700 DEOPT UNPACKING pc=0x00000208516f3aa2 sp=0x000000da987f77e0 mode 2
Event: 6.103 Thread 0x0000020864c49700 Uncommon trap: trap_request=0xffffff45 fr.pc=0x0000020851c7b574 relative=0x0000000000000054
Event: 6.103 Thread 0x0000020864c49700 Uncommon trap: reason=unstable_if action=reinterpret pc=0x0000020851c7b574 method=java.lang.CharacterData.of(I)Ljava/lang/CharacterData; @ 4 c2
Event: 6.103 Thread 0x0000020864c49700 DEOPT PACKING pc=0x0000020851c7b574 sp=0x000000da987f8d00
Event: 6.103 Thread 0x0000020864c49700 DEOPT UNPACKING pc=0x00000208516f3aa2 sp=0x000000da987f8c98 mode 2
Event: 6.160 Thread 0x0000020864c49700 Uncommon trap: trap_request=0xffffff45 fr.pc=0x0000020851cfa3ec relative=0x000000000000004c
Event: 6.160 Thread 0x0000020864c49700 Uncommon trap: reason=unstable_if action=reinterpret pc=0x0000020851cfa3ec method=sun.nio.fs.WindowsPathParser.isSlash(C)Z @ 9 c2
Event: 6.160 Thread 0x0000020864c49700 DEOPT PACKING pc=0x0000020851cfa3ec sp=0x000000da987f9040
Event: 6.160 Thread 0x0000020864c49700 DEOPT UNPACKING pc=0x00000208516f3aa2 sp=0x000000da987f8fc8 mode 2
Event: 6.173 Thread 0x0000020864c49700 Uncommon trap: trap_request=0xffffff45 fr.pc=0x0000020851d0c740 relative=0x00000000000008e0
Event: 6.173 Thread 0x0000020864c49700 Uncommon trap: reason=unstable_if action=reinterpret pc=0x0000020851d0c740 method=java.io.BufferedInputStream.implRead([BII)I @ 55 c2
Event: 6.173 Thread 0x0000020864c49700 DEOPT PACKING pc=0x0000020851d0c740 sp=0x000000da987f8f60
Event: 6.173 Thread 0x0000020864c49700 DEOPT UNPACKING pc=0x00000208516f3aa2 sp=0x000000da987f8ec8 mode 2
Event: 6.190 Thread 0x0000020864c49700 Uncommon trap: trap_request=0xffffff45 fr.pc=0x0000020851c79720 relative=0x0000000000000660
Event: 6.190 Thread 0x0000020864c49700 Uncommon trap: reason=unstable_if action=reinterpret pc=0x0000020851c79720 method=java.lang.String.replace(Ljava/lang/CharSequence;Ljava/lang/CharSequence;)Ljava/lang/String; @ 42 c2
Event: 6.190 Thread 0x0000020864c49700 DEOPT PACKING pc=0x0000020851c79720 sp=0x000000da987f7540
Event: 6.190 Thread 0x0000020864c49700 DEOPT UNPACKING pc=0x00000208516f3aa2 sp=0x000000da987f74b0 mode 2

Classes loaded (20 events):
Event: 6.187 Loading class java/nio/charset/IllegalCharsetNameException done
Event: 6.187 Loading class java/nio/charset/UnsupportedCharsetException
Event: 6.187 Loading class java/nio/charset/UnsupportedCharsetException done
Event: 6.190 Loading class java/io/File$TempDirectory
Event: 6.190 Loading class java/io/File$TempDirectory done
Event: 6.190 Loading class java/security/SecureRandom
Event: 6.190 Loading class java/security/SecureRandom done
Event: 6.190 Loading class sun/security/provider/DRBG
Event: 6.190 Loading class java/security/SecureRandomSpi
Event: 6.190 Loading class java/security/SecureRandomSpi done
Event: 6.190 Loading class sun/security/provider/DRBG done
Event: 6.191 Loading class java/security/DrbgParameters$Capability
Event: 6.191 Loading class java/security/DrbgParameters$Capability done
Event: 6.191 Loading class sun/security/provider/MoreDrbgParameters
Event: 6.191 Loading class sun/security/provider/MoreDrbgParameters done
Event: 6.191 Loading class java/security/DrbgParameters
Event: 6.191 Loading class java/security/DrbgParameters done
Event: 6.191 Loading class java/security/DrbgParameters$Instantiation
Event: 6.191 Loading class java/security/DrbgParameters$Instantiation done
Event: 6.191 Loading class sun/security/provider/HashDrbg

Classes unloaded (0 events):
No events

Classes redefined (0 events):
No events

Internal exceptions (20 events):
Event: 1.650 Thread 0x0000020844afb0e0 Exception <a 'java/lang/NoSuchMethodError'{0x00000000d6486fe0}: 'void java.lang.invoke.DirectMethodHandle$Holder.invokeStaticInit(java.lang.Object, java.lang.Object)'> (0x00000000d6486fe0) 
thrown [s\src\hotspot\share\interpreter\linkResolver.cpp, line 773]
Event: 1.650 Thread 0x0000020844afb0e0 Exception <a 'java/lang/NoSuchMethodError'{0x00000000d6490318}: 'int java.lang.invoke.DirectMethodHandle$Holder.invokeStaticInit(java.lang.Object, java.lang.Object)'> (0x00000000d6490318) 
thrown [s\src\hotspot\share\interpreter\linkResolver.cpp, line 773]
Event: 1.673 Thread 0x0000020844afb0e0 Exception <a 'java/lang/NoSuchMethodError'{0x00000000d66da0b8}: 'java.lang.Object java.lang.invoke.DirectMethodHandle$Holder.newInvokeSpecial(java.lang.Object, int, java.lang.Object)'> (0x00000000d66da0b8) 
thrown [s\src\hotspot\share\interpreter\linkResolver.cpp, line 773]
Event: 1.696 Thread 0x0000020844afb0e0 Exception <a 'java/lang/ClassNotFoundException'{0x00000000d68f1f68}: sun/net/www/protocol/plurl/Handler> (0x00000000d68f1f68) 
thrown [s\src\hotspot\share\classfile\systemDictionary.cpp, line 312]
Event: 1.696 Thread 0x0000020844afb0e0 Exception <a 'java/lang/ClassNotFoundException'{0x00000000d68f2de8}: sun/net/www/protocol/plurl/Handler> (0x00000000d68f2de8) 
thrown [s\src\hotspot\share\classfile\systemDictionary.cpp, line 312]
Event: 1.750 Thread 0x0000020844afb0e0 Exception <a 'java/lang/UnsatisfiedLinkError'{0x00000000d6d1f900}: 'void org.eclipse.equinox.launcher.JNIBridge._update_splash()'> (0x00000000d6d1f900) 
thrown [s\src\hotspot\share\prims\nativeLookup.cpp, line 415]
Event: 2.816 Thread 0x0000020864c49700 Exception <a 'java/lang/NullPointerException'{0x00000000d5881430}> (0x00000000d5881430) 
thrown [s\src\hotspot\share\interpreter\linkResolver.cpp, line 1372]
Event: 2.816 Thread 0x0000020864c49700 Exception <a 'java/lang/NullPointerException'{0x00000000d5881710}> (0x00000000d5881710) 
thrown [s\src\hotspot\share\interpreter\linkResolver.cpp, line 1372]
Event: 3.917 Thread 0x0000020864c49700 Exception <a 'java/io/FileNotFoundException'{0x00000000d6312f60}> (0x00000000d6312f60) 
thrown [s\src\hotspot\share\prims\jni.cpp, line 520]
Event: 4.959 Thread 0x0000020864c49700 Exception <a 'java/lang/NoSuchMethodError'{0x00000000d65f1c20}: 'java.lang.Object java.lang.invoke.Invokers$Holder.linkToTargetMethod(java.lang.Object, long, java.lang.Object)'> (0x00000000d65f1c20) 
thrown [s\src\hotspot\share\interpreter\linkResolver.cpp, line 773]
Event: 4.996 Thread 0x0000020864c49700 Exception <a 'java/lang/NoSuchMethodError'{0x00000000d698f4d0}: 'void java.lang.invoke.DirectMethodHandle$Holder.invokeInterface(java.lang.Object, java.lang.Object, java.lang.Object)'> (0x00000000d698f4d0) 
thrown [s\src\hotspot\share\interpreter\linkResolver.cpp, line 773]
Event: 5.014 Thread 0x0000020864c49700 Exception <a 'java/lang/NoSuchMethodError'{0x00000000d6b9fb30}: 'void java.lang.invoke.Invokers$Holder.invokeExact_MT(java.lang.Object, java.lang.Object, java.lang.Object)'> (0x00000000d6b9fb30) 
thrown [s\src\hotspot\share\interpreter\linkResolver.cpp, line 773]
Event: 5.048 Thread 0x0000020864c49700 Exception <a 'java/lang/NoSuchMethodError'{0x00000000d6e6ee38}: 'java.lang.Object java.lang.invoke.DirectMethodHandle$Holder.invokeVirtual(java.lang.Object, java.lang.Object, java.lang.Object)'> (0x00000000d6e6ee38) 
thrown [s\src\hotspot\share\interpreter\linkResolver.cpp, line 773]
Event: 5.052 Thread 0x0000020864c49700 Exception <a 'java/lang/NoSuchMethodError'{0x00000000d55874e0}: 'java.lang.Object java.lang.invoke.DelegatingMethodHandle$Holder.reinvoke_L(java.lang.Object, java.lang.Object, java.lang.Object, java.lang.Object, int, int)'> (0x00000000d55874e0) 
thrown [s\src\hotspot\share\interpreter\linkResolver.cpp, line 773]
Event: 5.053 Thread 0x0000020864c49700 Exception <a 'java/lang/NoSuchMethodError'{0x00000000d55a4168}: 'java.lang.Object java.lang.invoke.DirectMethodHandle$Holder.newInvokeSpecial(java.lang.Object, java.lang.Object, java.lang.Object, java.lang.Object, java.lang.Object, java.lang.Object)'> (0x00000000d55a4168) 
thrown [s\src\hotspot\share\interpreter\linkResolver.cpp, line 773]
Event: 5.055 Thread 0x0000020864c49700 Exception <a 'java/lang/NoSuchMethodError'{0x00000000d55ec6d0}: 'void java.lang.invoke.Invokers$Holder.invokeExact_MT(java.lang.Object, java.lang.Object, java.lang.Object, java.lang.Object)'> (0x00000000d55ec6d0) 
thrown [s\src\hotspot\share\interpreter\linkResolver.cpp, line 773]
Event: 6.109 Thread 0x0000020864c49700 Exception <a 'java/io/FileNotFoundException'{0x00000000d5aa2f68}> (0x00000000d5aa2f68) 
thrown [s\src\hotspot\share\prims\jni.cpp, line 520]
Event: 6.110 Thread 0x0000020864c49700 Exception <a 'java/io/FileNotFoundException'{0x00000000d5aa9bb0}> (0x00000000d5aa9bb0) 
thrown [s\src\hotspot\share\prims\jni.cpp, line 520]
Event: 6.149 Thread 0x0000020864c49700 Exception <a 'java/lang/NoSuchMethodError'{0x00000000d5d4bde8}: 'java.lang.Object java.lang.invoke.DirectMethodHandle$Holder.newInvokeSpecial(java.lang.Object, java.lang.Object, java.lang.Object, java.lang.Object, java.lang.Object)'> (0x00000000d5d4bde8) 
thrown [s\src\hotspot\share\interpreter\linkResolver.cpp, line 773]
Event: 6.165 Thread 0x0000020864c49700 Exception <a 'java/lang/NoSuchMethodError'{0x00000000d5e92b28}: 'java.lang.Object java.lang.invoke.DirectMethodHandle$Holder.invokeStaticInit(java.lang.Object, int)'> (0x00000000d5e92b28) 
thrown [s\src\hotspot\share\interpreter\linkResolver.cpp, line 773]

ZGC Phase Switch (0 events):
No events

VM Operations (20 events):
Event: 2.804 Executing VM operation: Cleanup done
Event: 2.857 Executing VM operation: HandshakeAllThreads (Deoptimize)
Event: 2.858 Executing VM operation: HandshakeAllThreads (Deoptimize) done
Event: 3.858 Executing VM operation: Cleanup
Event: 3.902 Executing VM operation: Cleanup done
Event: 4.902 Executing VM operation: Cleanup
Event: 4.930 Executing VM operation: Cleanup done
Event: 4.979 Executing VM operation: HandshakeAllThreads (Deoptimize)
Event: 4.979 Executing VM operation: HandshakeAllThreads (Deoptimize) done
Event: 5.048 Executing VM operation: ParallelGCFailedAllocation (Allocation Failure)
Event: 5.051 Executing VM operation: ParallelGCFailedAllocation (Allocation Failure) done
Event: 5.084 Executing VM operation: HandshakeAllThreads (Deoptimize)
Event: 5.084 Executing VM operation: HandshakeAllThreads (Deoptimize) done
Event: 5.087 Executing VM operation: HandshakeAllThreads (Deoptimize)
Event: 5.087 Executing VM operation: HandshakeAllThreads (Deoptimize) done
Event: 6.087 Executing VM operation: Cleanup
Event: 6.091 Executing VM operation: Cleanup done
Event: 6.103 Executing VM operation: HandshakeAllThreads (Deoptimize)
Event: 6.104 Executing VM operation: HandshakeAllThreads (Deoptimize) done
Event: 7.103 Executing VM operation: Cleanup

Memory protections (0 events):
No events

Nmethod flushes (0 events):
No events

Events (20 events):
Event: 0.025 Thread 0x0000020844afb0e0 Thread added: 0x000002084702e770
Event: 0.025 Thread 0x0000020844afb0e0 Thread added: 0x0000020847038220
Event: 0.025 Thread 0x0000020844afb0e0 Thread added: 0x000002084703e5e0
Event: 0.036 Thread 0x0000020844afb0e0 Thread added: 0x000002085ee7bf50
Event: 0.050 Thread 0x000002084703e5e0 Thread added: 0x000002085ef60370
Event: 0.184 Thread 0x0000020844afb0e0 Thread added: 0x000002085f112120
Event: 0.248 Thread 0x000002084703e5e0 Thread added: 0x0000020864145c70
Event: 1.654 Thread 0x0000020844afb0e0 Thread added: 0x0000020864c49070
Event: 1.747 Thread 0x0000020844afb0e0 Thread added: 0x0000020864c49d90
Event: 1.749 Thread 0x0000020844afb0e0 Thread added: 0x0000020864c49700
Event: 1.770 Thread 0x0000020864c49700 Thread added: 0x0000020864c4a420
Event: 2.805 Thread 0x0000020864145c70 Thread exited: 0x0000020864145c70
Event: 2.805 Thread 0x000002085ef60370 Thread exited: 0x000002085ef60370
Event: 2.852 Thread 0x0000020864c49700 Thread added: 0x00000208648c2ca0
Event: 2.892 Thread 0x000002084703e5e0 Thread added: 0x00000208648218b0
Event: 2.892 Thread 0x000002084703e5e0 Thread added: 0x00000208648cf240
Event: 4.931 Thread 0x00000208648cf240 Thread exited: 0x00000208648cf240
Event: 4.933 Thread 0x00000208648218b0 Thread exited: 0x00000208648218b0
Event: 5.000 Thread 0x0000020864c49700 Thread added: 0x00000208648c3330
Event: 6.105 Thread 0x0000020847038220 Thread added: 0x0000020864c3eed0


Dynamic libraries:
0x00007ff665320000 - 0x00007ff66532e000 	c:\Users\Shaunak Mishra\.vscode\extensions\redhat.java-1.45.0-win32-x64\jre\21.0.8-win32-x86_64\bin\java.exe
0x00007ff98b180000 - 0x00007ff98b3e9000 	C:\WINDOWS\SYSTEM32\ntdll.dll
0x00007ff989f50000 - 0x00007ff98a019000 	C:\WINDOWS\System32\KERNEL32.DLL
0x00007ff988a90000 - 0x00007ff988e83000 	C:\WINDOWS\System32\KERNELBASE.dll
0x00007ff988940000 - 0x00007ff988a8b000 	C:\WINDOWS\System32\ucrtbase.dll
0x00007ff974210000 - 0x00007ff974228000 	c:\Users\Shaunak Mishra\.vscode\extensions\redhat.java-1.45.0-win32-x64\jre\21.0.8-win32-x86_64\bin\jli.dll
0x00007ff971ab0000 - 0x00007ff971ace000 	c:\Users\Shaunak Mishra\.vscode\extensions\redhat.java-1.45.0-win32-x64\jre\21.0.8-win32-x86_64\bin\VCRUNTIME140.dll
0x00007ff9892e0000 - 0x00007ff9894a4000 	C:\WINDOWS\System32\USER32.dll
0x00007ff9616a0000 - 0x00007ff961933000 	C:\WINDOWS\WinSxS\amd64_microsoft.windows.common-controls_6595b64144ccf1df_6.0.26100.5074_none_3e0d6f78e32fd63f\COMCTL32.dll
0x00007ff9886f0000 - 0x00007ff988717000 	C:\WINDOWS\System32\win32u.dll
0x00007ff98a050000 - 0x00007ff98a0f9000 	C:\WINDOWS\System32\msvcrt.dll
0x00007ff98a020000 - 0x00007ff98a04b000 	C:\WINDOWS\System32\GDI32.dll
0x00007ff9885c0000 - 0x00007ff9886ed000 	C:\WINDOWS\System32\gdi32full.dll
0x00007ff988510000 - 0x00007ff9885b3000 	C:\WINDOWS\System32\msvcp_win.dll
0x00007ff98b100000 - 0x00007ff98b12f000 	C:\WINDOWS\System32\IMM32.DLL
0x00007ff974280000 - 0x00007ff97428c000 	c:\Users\Shaunak Mishra\.vscode\extensions\redhat.java-1.45.0-win32-x64\jre\21.0.8-win32-x86_64\bin\vcruntime140_1.dll
0x00007ff92dae0000 - 0x00007ff92db6d000 	c:\Users\Shaunak Mishra\.vscode\extensions\redhat.java-1.45.0-win32-x64\jre\21.0.8-win32-x86_64\bin\msvcp140.dll
0x00007ff8f9d10000 - 0x00007ff8faaa7000 	c:\Users\Shaunak Mishra\.vscode\extensions\redhat.java-1.45.0-win32-x64\jre\21.0.8-win32-x86_64\bin\server\jvm.dll
0x00007ff98a520000 - 0x00007ff98a5d4000 	C:\WINDOWS\System32\ADVAPI32.dll
0x00007ff98a5e0000 - 0x00007ff98a686000 	C:\WINDOWS\System32\sechost.dll
0x00007ff98afe0000 - 0x00007ff98b0f8000 	C:\WINDOWS\System32\RPCRT4.dll
0x00007ff9891a0000 - 0x00007ff989214000 	C:\WINDOWS\System32\WS2_32.dll
0x00007ff97d480000 - 0x00007ff97d4b5000 	C:\WINDOWS\SYSTEM32\WINMM.dll
0x00007ff986f10000 - 0x00007ff986f6e000 	C:\WINDOWS\SYSTEM32\POWRPROF.dll
0x00007ff976420000 - 0x00007ff97642b000 	C:\WINDOWS\SYSTEM32\VERSION.dll
0x00007ff986ef0000 - 0x00007ff986f04000 	C:\WINDOWS\SYSTEM32\UMPDC.dll
0x00007ff9871d0000 - 0x00007ff9871eb000 	C:\WINDOWS\SYSTEM32\kernel.appcore.dll
0x00007ff974170000 - 0x00007ff97417a000 	c:\Users\Shaunak Mishra\.vscode\extensions\redhat.java-1.45.0-win32-x64\jre\21.0.8-win32-x86_64\bin\jimage.dll
0x00007ff985a90000 - 0x00007ff985cd2000 	C:\WINDOWS\SYSTEM32\DBGHELP.DLL
0x00007ff98a160000 - 0x00007ff98a4db000 	C:\WINDOWS\System32\combase.dll
0x00007ff988f60000 - 0x00007ff989037000 	C:\WINDOWS\System32\OLEAUT32.dll
0x00007ff95d100000 - 0x00007ff95d13d000 	C:\WINDOWS\SYSTEM32\dbgcore.DLL
0x00007ff9888a0000 - 0x00007ff988939000 	C:\WINDOWS\System32\bcryptPrimitives.dll
0x00007ff973c60000 - 0x00007ff973c6f000 	c:\Users\Shaunak Mishra\.vscode\extensions\redhat.java-1.45.0-win32-x64\jre\21.0.8-win32-x86_64\bin\instrument.dll
0x00007ff970480000 - 0x00007ff97049f000 	c:\Users\Shaunak Mishra\.vscode\extensions\redhat.java-1.45.0-win32-x64\jre\21.0.8-win32-x86_64\bin\java.dll
0x00007ff98a790000 - 0x00007ff98aedd000 	C:\WINDOWS\System32\SHELL32.dll
0x00007ff9883a0000 - 0x00007ff98850c000 	C:\WINDOWS\System32\wintypes.dll
0x00007ff985f70000 - 0x00007ff9867c9000 	C:\WINDOWS\SYSTEM32\windows.storage.dll
0x00007ff98a690000 - 0x00007ff98a780000 	C:\WINDOWS\System32\SHCORE.dll
0x00007ff989270000 - 0x00007ff9892d2000 	C:\WINDOWS\System32\shlwapi.dll
0x00007ff988230000 - 0x00007ff988259000 	C:\WINDOWS\SYSTEM32\profapi.dll
0x00007ff96cab0000 - 0x00007ff96cac8000 	c:\Users\Shaunak Mishra\.vscode\extensions\redhat.java-1.45.0-win32-x64\jre\21.0.8-win32-x86_64\bin\zip.dll
0x00007ff96ecd0000 - 0x00007ff96ece0000 	C:\Users\Shaunak Mishra\.vscode\extensions\redhat.java-1.45.0-win32-x64\jre\21.0.8-win32-x86_64\bin\net.dll
0x00007ff9762a0000 - 0x00007ff9763bf000 	C:\WINDOWS\SYSTEM32\WINHTTP.dll
0x00007ff987730000 - 0x00007ff98779b000 	C:\WINDOWS\system32\mswsock.dll
0x00007ff9690d0000 - 0x00007ff9690e6000 	C:\Users\Shaunak Mishra\.vscode\extensions\redhat.java-1.45.0-win32-x64\jre\21.0.8-win32-x86_64\bin\nio.dll
0x00007ff96eb80000 - 0x00007ff96eb90000 	c:\Users\Shaunak Mishra\.vscode\extensions\redhat.java-1.45.0-win32-x64\jre\21.0.8-win32-x86_64\bin\verify.dll
0x00007ff9708b0000 - 0x00007ff9708f4000 	C:\Users\Shaunak Mishra\AppData\Roaming\Code\User\globalStorage\redhat.java\1.45.0\config_ss_win\org.eclipse.equinox.launcher\org.eclipse.equinox.launcher.win32.win32.x86_64_1.2.1400.v20250801-0854\eclipse_11916.dll
0x00007ff989bd0000 - 0x00007ff989d68000 	C:\WINDOWS\System32\ole32.dll
0x00007ff987b00000 - 0x00007ff987b1b000 	C:\WINDOWS\SYSTEM32\CRYPTSP.dll
0x00007ff987130000 - 0x00007ff98716b000 	C:\WINDOWS\system32\rsaenh.dll
0x00007ff9877d0000 - 0x00007ff9877fb000 	C:\WINDOWS\SYSTEM32\USERENV.dll
0x00007ff988200000 - 0x00007ff988226000 	C:\WINDOWS\SYSTEM32\bcrypt.dll
0x00007ff987960000 - 0x00007ff98796c000 	C:\WINDOWS\SYSTEM32\CRYPTBASE.dll
0x00007ff986b90000 - 0x00007ff986bc4000 	C:\WINDOWS\SYSTEM32\IPHLPAPI.DLL
0x00007ff988f50000 - 0x00007ff988f5a000 	C:\WINDOWS\System32\NSI.dll

JVMTI agents:
c:\Users\Shaunak Mishra\.vscode\extensions\redhat.java-1.45.0-win32-x64\lombok\lombok-1.18.39-4050.jar path:c:\Users\Shaunak Mishra\.vscode\extensions\redhat.java-1.45.0-win32-x64\jre\21.0.8-win32-x86_64\bin\instrument.dll, loaded, initialized, instrumentlib options:none

dbghelp: loaded successfully - version: 4.0.5 - missing functions: none
symbol engine: initialized successfully - sym options: 0x614 - pdb path: .;c:\Users\Shaunak Mishra\.vscode\extensions\redhat.java-1.45.0-win32-x64\jre\21.0.8-win32-x86_64\bin;C:\WINDOWS\SYSTEM32;C:\WINDOWS\WinSxS\amd64_microsoft.windows.common-controls_6595b64144ccf1df_6.0.26100.5074_none_3e0d6f78e32fd63f;c:\Users\Shaunak Mishra\.vscode\extensions\redhat.java-1.45.0-win32-x64\jre\21.0.8-win32-x86_64\bin\server;C:\Users\Shaunak Mishra\AppData\Roaming\Code\User\globalStorage\redhat.java\1.45.0\config_ss_win\org.eclipse.equinox.launcher\org.eclipse.equinox.launcher.win32.win32.x86_64_1.2.1400.v20250801-0854

VM Arguments:
jvm_args: --add-modules=ALL-SYSTEM --add-opens=java.base/java.util=ALL-UNNAMED --add-opens=java.base/java.lang=ALL-UNNAMED --add-opens=java.base/sun.nio.fs=ALL-UNNAMED -Declipse.application=org.eclipse.jdt.ls.core.id1 -Dosgi.bundles.defaultStartLevel=4 -Declipse.product=org.eclipse.jdt.ls.core.product -Djava.import.generatesMetadataFilesAtProjectRoot=false -DDetectVMInstallationsJob.disabled=true -Dfile.encoding=utf8 -XX:+UseParallelGC -XX:GCTimeRatio=4 -XX:AdaptiveSizePolicyWeight=90 -Dsun.zip.disableMemoryMapping=true -Xmx2G -Xms100m -Xlog:disable -javaagent:c:\Users\Shaunak Mishra\.vscode\extensions\redhat.java-1.45.0-win32-x64\lombok\lombok-1.18.39-4050.jar 
java_command: c:\Users\Shaunak Mishra\.vscode\extensions\redhat.java-1.45.0-win32-x64\server\plugins\org.eclipse.equinox.launcher_1.7.0.v20250519-0528.jar -configuration c:\Users\Shaunak Mishra\AppData\Roaming\Code\User\globalStorage\redhat.java\1.45.0\config_ss_win -data c:\Users\Shaunak Mishra\AppData\Roaming\Code\User\workspaceStorage\3b7185d564d7917b3f2df1bbc2ad3fb6\redhat.java\ss_ws --pipe=\\.\pipe\lsp-8e7e1fdbef8de34ce886bdf09ef98e18-sock
java_class_path (initial): c:\Users\Shaunak Mishra\.vscode\extensions\redhat.java-1.45.0-win32-x64\server\plugins\org.eclipse.equinox.launcher_1.7.0.v20250519-0528.jar
Launcher Type: SUN_STANDARD

[Global flags]
    uintx AdaptiveSizePolicyWeight                 = 90                                        {product} {command line}
     intx CICompilerCount                          = 4                                         {product} {ergonomic}
    uintx GCTimeRatio                              = 4                                         {product} {command line}
   size_t InitialHeapSize                          = 104857600                                 {product} {command line}
   size_t MaxHeapSize                              = 2147483648                                {product} {command line}
   size_t MaxNewSize                               = 715653120                                 {product} {ergonomic}
   size_t MinHeapDeltaBytes                        = 524288                                    {product} {ergonomic}
   size_t MinHeapSize                              = 104857600                                 {product} {command line}
   size_t NewSize                                  = 34603008                                  {product} {ergonomic}
    uintx NonNMethodCodeHeapSize                   = 5839372                                {pd product} {ergonomic}
    uintx NonProfiledCodeHeapSize                  = 122909434                              {pd product} {ergonomic}
   size_t OldSize                                  = 70254592                                  {product} {ergonomic}
    uintx ProfiledCodeHeapSize                     = 122909434                              {pd product} {ergonomic}
    uintx ReservedCodeCacheSize                    = 251658240                              {pd product} {ergonomic}
     bool SegmentedCodeCache                       = true                                      {product} {ergonomic}
   size_t SoftMaxHeapSize                          = 2147483648                             {manageable} {ergonomic}
     bool UseCompressedOops                        = true                           {product lp64_product} {ergonomic}
     bool UseLargePagesIndividualAllocation        = false                                  {pd product} {ergonomic}
     bool UseParallelGC                            = true                                      {product} {command line}

Logging:
Log output configuration:
 #0: stdout all=off uptime,level,tags foldmultilines=false
 #1: stderr all=off uptime,level,tags foldmultilines=false

Environment Variables:
PATH=C:\Program Files\Eclipse Adoptium\jdk-21.0.7.6-hotspot\bin;C:\Program Files\Common Files\Oracle\Java\javapath;C:\Windows\system32;C:\Windows;C:\Windows\System32\Wbem;C:\Windows\System32\WindowsPowerShell\v1.0\;C:\Windows\System32\OpenSSH\;C:\WINDOWS\system32;C:\WINDOWS;C:\WINDOWS\System32\Wbem;C:\WINDOWS\System32\WindowsPowerShell\v1.0\;C:\WINDOWS\System32\OpenSSH\;C:\Program Files\NVIDIA Corporation\NVIDIA App\NvDLISR;C:\Program Files (x86)\NVIDIA Corporation\PhysX\Common;C:\Program Files\dotnet\;C:\Program Files\Git\cmd;C:\ProgramData\chocolatey\bin;C:\Program Files\Elixir\bin;C:\Program Files\Elixir\bin;c:\Users\Shaunak Mishra\AppData\Local\Programs\cursor\resources\app\bin;C:\Program Files\MongoDB\Server\8.0\bin;C:\Program Files\nodejs\node_modules\npm\bin\npm;C:\Users\Shaunak Mishra\AppData\Roaming\npm;C:\Program Files\nodejs\;C:\Program Files\MongoDB\Server\8.0\bin;C:\Program Files\Docker\Docker\resources\bin;C:\mingw64\bin;C:\Program Files\Cloudflare\Cloudflare WARP\;C:\Program Files\Eclipse Adoptium\jdk-21.0.7.6-hotspot\bin;C:\Program Files\Common Files\Oracle\Java\javapath;C:\Windows\system32;C:\Windows;C:\Windows\System32\Wbem;C:\Windows\System32\WindowsPowerShell\v1.0\;C:\Windows\System32\OpenSSH\;C:\WINDOWS\system32;C:\WINDOWS;C:\WINDOWS\System32\Wbem;C:\WINDOWS\System32\WindowsPowerShell\v1.0\;C:\WINDOWS\System32\OpenSSH\;C:\Program Files\NVIDIA Corporation\NVIDIA App\NvDLISR;C:\Program Files (x86)\NVIDIA Corporation\PhysX\Common;C:\Program Files\dotnet\;C:\Program Files\Git\cmd;C:\ProgramData\chocolatey\bin;C:\Program Files\Elixir\bin;C:\Program Files\Elixir\bin;c:\Users\Shaunak Mishra\AppData\Local\Programs\cursor\resources\app\bin;C:\Program Files\MongoDB\Server\8.0\bin;C:\Program Files\nodejs\node_modules\npm\bin\npm;C:\Users\Shaunak Mishra\AppData\Roaming\npm;C:\Program Files\nodejs\;C:\Program Files\MongoDB\Server\8.0\bin;C:\Program Files\Docker\Docker\resources\bin;C:\mingw64\bin;C:\Program Files\Cloudflare\Cloudflare WARP\;C:\Program Files\OpenSSL-Win64\bin;C:\Users\Shaunak Mishra\AppData\Local\Programs\Microsoft VS Code\bin;C:\Users\Shaunak Mishra\AppData\Local\Programs\cursor\resources\app\bin;C:\Users\Shaunak Mishra\AppData\Local\Programs\Kiro\bin
USERNAME=Shaunak Mishra
OS=Windows_NT
PROCESSOR_IDENTIFIER=Intel64 Family 6 Model 186 Stepping 2, GenuineIntel
TMP=C:\Users\SHAUNA~1\AppData\Local\Temp
TEMP=C:\Users\SHAUNA~1\AppData\Local\Temp




Periodic native trim disabled

---------------  S Y S T E M  ---------------

OS:
 Windows 11 , 64 bit Build 26100 (10.0.26100.5074)
OS uptime: 0 days 13:26 hours
Hyper-V role detected

CPU: total 12 (initial active 12) (6 cores per cpu, 2 threads per core) family 6 model 186 stepping 2 microcode 0x5103, cx8, cmov, fxsr, ht, mmx, 3dnowpref, sse, sse2, sse3, ssse3, sse4.1, sse4.2, popcnt, lzcnt, tsc, tscinvbit, avx, avx2, aes, erms, clmul, bmi1, bmi2, adx, sha, fma, vzeroupper, clflush, clflushopt, clwb, hv, serialize, rdtscp, rdpid, fsrm, f16c, cet_ibt, cet_ss
Processor Information for the first 12 processors :
  Max Mhz: 2100, Current Mhz: 2100, Mhz Limit: 2100

Memory: 4k page, system-wide physical 16087M (1980M free)
TotalPageFile size 16087M (AvailPageFile size 61M)
current process WorkingSet (physical memory assigned to process): 113M, peak: 113M
current process commit charge ("private bytes"): 259M, peak: 260M

vm_info: OpenJDK 64-Bit Server VM (21.0.8+9-LTS) for windows-amd64 JRE (21.0.8+9-LTS), built on 2025-07-15T00:00:00Z by "admin" with MS VC++ 17.7 (VS2022)

END.
