#
# There is insufficient memory for the Java Runtime Environment to continue.
# Native memory allocation (malloc) failed to allocate 1178336 bytes. Error detail: Chunk::new
# Possible reasons:
#   The system is out of physical RAM or swap space
#   This process is running with CompressedOops enabled, and the Java Heap may be blocking the growth of the native heap
# Possible solutions:
#   Reduce memory load on the system
#   Increase physical memory or swap space
#   Check if swap backing store is full
#   Decrease Java heap size (-Xmx/-Xms)
#   Decrease number of Java threads
#   Decrease Java thread stack sizes (-Xss)
#   Set larger code cache with -XX:ReservedCodeCacheSize=
#   JVM is running with Unscaled Compressed Oops mode in which the Java heap is
#     placed in the first 4GB address space. The Java Heap base address is the
#     maximum limit for the native heap growth. Please use -XX:HeapBaseMinAddress
#     to set the Java Heap base and to place the Java Heap above 4GB virtual address.
# This output file may be truncated or incomplete.
#
#  Out of Memory Error (arena.cpp:168), pid=20412, tid=26000
#
# JRE version: OpenJDK Runtime Environment Temurin-21.0.8+9 (21.0.8+9) (build 21.0.8+9-LTS)
# Java VM: OpenJDK 64-Bit Server VM Temurin-21.0.8+9 (21.0.8+9-LTS, mixed mode, sharing, tiered, compressed oops, compressed class ptrs, parallel gc, windows-amd64)
# No core dump will be written. Minidumps are not enabled by default on client versions of Windows
#

---------------  S U M M A R Y ------------

Command Line: --add-modules=ALL-SYSTEM --add-opens=java.base/java.util=ALL-UNNAMED --add-opens=java.base/java.lang=ALL-UNNAMED --add-opens=java.base/sun.nio.fs=ALL-UNNAMED -Declipse.application=org.eclipse.jdt.ls.core.id1 -Dosgi.bundles.defaultStartLevel=4 -Declipse.product=org.eclipse.jdt.ls.core.product -Djava.import.generatesMetadataFilesAtProjectRoot=false -DDetectVMInstallationsJob.disabled=true -Dfile.encoding=utf8 -XX:+UseParallelGC -XX:GCTimeRatio=4 -XX:AdaptiveSizePolicyWeight=90 -Dsun.zip.disableMemoryMapping=true -Xmx2G -Xms100m -Xlog:disable -javaagent:c:\Users\Shaunak Mishra\.vscode\extensions\redhat.java-1.45.0-win32-x64\lombok\lombok-1.18.39-4050.jar -XX:+HeapDumpOnOutOfMemoryError -XX:HeapDumpPath=c:\Users\Shaunak Mishra\AppData\Roaming\Code\User\workspaceStorage\3b7185d564d7917b3f2df1bbc2ad3fb6\redhat.java -Daether.dependencyCollector.impl=bf c:\Users\Shaunak Mishra\.vscode\extensions\redhat.java-1.45.0-win32-x64\server\plugins\org.eclipse.equinox.launcher_1.7.0.v20250519-0528.jar -configuration c:\Users\Shaunak Mishra\AppData\Roaming\Code\User\globalStorage\redhat.java\1.45.0\config_win -data c:\Users\Shaunak Mishra\AppData\Roaming\Code\User\workspaceStorage\3b7185d564d7917b3f2df1bbc2ad3fb6\redhat.java\jdt_ws --pipe=\\.\pipe\lsp-7cb3c7d7c5b6bc80f14041b2175e8e91-sock

Host: 13th Gen Intel(R) Core(TM) i5-13420H, 12 cores, 15G,  Windows 11 , 64 bit Build 26100 (10.0.26100.5074)
Time: Sun Sep 14 22:21:29 2025 India Standard Time elapsed time: 71.567453 seconds (0d 0h 1m 11s)

---------------  T H R E A D  ---------------

Current thread (0x0000022271bdb0f0):  JavaThread "C2 CompilerThread1" daemon [_thread_in_native, id=26000, stack(0x000000ea81d00000,0x000000ea81e00000) (1024K)]


Current CompileTask:
C2:71567 9075       4       org.eclipse.osgi.internal.serviceregistry.ServiceRegistry::notifyHooksPrivileged (57 bytes)

Stack: [0x000000ea81d00000,0x000000ea81e00000]
Native frames: (J=compiled Java code, j=interpreted, Vv=VM code, C=native code)
V  [jvm.dll+0x6d2449]
V  [jvm.dll+0x8ae341]
V  [jvm.dll+0x8b08be]
V  [jvm.dll+0x8b0fa3]
V  [jvm.dll+0x280c96]
V  [jvm.dll+0xc581d]
V  [jvm.dll+0xc5d53]
V  [jvm.dll+0x3b919c]
V  [jvm.dll+0x385315]
V  [jvm.dll+0x38477a]
V  [jvm.dll+0x248ed0]
V  [jvm.dll+0x2484af]
V  [jvm.dll+0x1c89ee]
V  [jvm.dll+0x257d4d]
V  [jvm.dll+0x2562ea]
V  [jvm.dll+0x3f2d16]
V  [jvm.dll+0x857e6b]
V  [jvm.dll+0x6d0b0d]
C  [ucrtbase.dll+0x37b0]
C  [KERNEL32.DLL+0x2e8d7]
C  [ntdll.dll+0x8d9c]


---------------  P R O C E S S  ---------------

Threads class SMR info:
_java_thread_list=0x0000022272474ad0, length=58, elements={
0x0000022212a7ed60, 0x000002222951d540, 0x000002222951e6a0, 0x0000022212b25680,
0x0000022212b261d0, 0x0000022212b30bd0, 0x0000022212b3d4c0, 0x000002226b8d3740,
0x000002226b8dcd90, 0x000002226b9b78f0, 0x000002226b9b7f80, 0x000002226b9b4b00,
0x000002226b9b7260, 0x000002226b9b5eb0, 0x000002226b9b5190, 0x000002226b9b5820,
0x000002226b9b6540, 0x00000222715c1b60, 0x00000222715c0120, 0x00000222715c21f0,
0x00000222715c2880, 0x00000222715c07b0, 0x00000222715c0e40, 0x00000222715c42c0,
0x00000222715c4950, 0x00000222715c3c30, 0x00000222715c2f10, 0x00000222715c35a0,
0x00000222715c14d0, 0x00000222715c70b0, 0x00000222715c7740, 0x00000222715c4fe0,
0x00000222715c6a20, 0x00000222715c5670, 0x00000222715c5d00, 0x00000222715c6390,
0x000002227337ee30, 0x000002227337fb50, 0x000002227337e110, 0x000002227337da80,
0x00000222733801e0, 0x00000222733822b0, 0x0000022273384a10, 0x00000222733850a0,
0x0000022273381c20, 0x0000022273382940, 0x0000022273382fd0, 0x0000022273384380,
0x0000022273383660, 0x000002226b9b6bd0, 0x0000022273b6dbd0, 0x0000022273b6d540,
0x0000022273b6ceb0, 0x0000022273b6e260, 0x0000022273b6e8f0, 0x0000022273b6c190,
0x0000022271bdb0f0, 0x0000022271bdb7c0
}

Java Threads: ( => current thread )
  0x0000022212a7ed60 JavaThread "main"                              [_thread_blocked, id=23396, stack(0x000000eafd300000,0x000000eafd400000) (1024K)]
  0x000002222951d540 JavaThread "Reference Handler"          daemon [_thread_blocked, id=13144, stack(0x000000eafd700000,0x000000eafd800000) (1024K)]
  0x000002222951e6a0 JavaThread "Finalizer"                  daemon [_thread_blocked, id=26120, stack(0x000000eafd800000,0x000000eafd900000) (1024K)]
  0x0000022212b25680 JavaThread "Signal Dispatcher"          daemon [_thread_blocked, id=11716, stack(0x000000eafd900000,0x000000eafda00000) (1024K)]
  0x0000022212b261d0 JavaThread "Attach Listener"            daemon [_thread_blocked, id=25532, stack(0x000000eafda00000,0x000000eafdb00000) (1024K)]
  0x0000022212b30bd0 JavaThread "Service Thread"             daemon [_thread_blocked, id=21232, stack(0x000000eafdb00000,0x000000eafdc00000) (1024K)]
  0x0000022212b3d4c0 JavaThread "Monitor Deflation Thread"   daemon [_thread_blocked, id=23624, stack(0x000000eafdc00000,0x000000eafdd00000) (1024K)]
  0x000002226b8d3740 JavaThread "C2 CompilerThread0"         daemon [_thread_in_native, id=16032, stack(0x000000eafdd00000,0x000000eafde00000) (1024K)]
  0x000002226b8dcd90 JavaThread "C1 CompilerThread0"         daemon [_thread_blocked, id=4632, stack(0x000000eafde00000,0x000000eafdf00000) (1024K)]
  0x000002226b9b78f0 JavaThread "Common-Cleaner"             daemon [_thread_blocked, id=19784, stack(0x000000eafdf00000,0x000000eafe000000) (1024K)]
  0x000002226b9b7f80 JavaThread "Notification Thread"        daemon [_thread_blocked, id=23156, stack(0x000000eafe100000,0x000000eafe200000) (1024K)]
  0x000002226b9b4b00 JavaThread "Active Thread: Equinox Container: 9dbf9c2e-e9ed-4ba4-a27b-c942966856c6"        [_thread_blocked, id=3376, stack(0x000000eafe900000,0x000000eafea00000) (1024K)]
  0x000002226b9b7260 JavaThread "Refresh Thread: Equinox Container: 9dbf9c2e-e9ed-4ba4-a27b-c942966856c6" daemon [_thread_blocked, id=2832, stack(0x000000eafe200000,0x000000eafe300000) (1024K)]
  0x000002226b9b5eb0 JavaThread "Framework Event Dispatcher: Equinox Container: 9dbf9c2e-e9ed-4ba4-a27b-c942966856c6" daemon [_thread_blocked, id=24392, stack(0x000000eafea00000,0x000000eafeb00000) (1024K)]
  0x000002226b9b5190 JavaThread "Start Level: Equinox Container: 9dbf9c2e-e9ed-4ba4-a27b-c942966856c6" daemon [_thread_blocked, id=23492, stack(0x000000eafeb00000,0x000000eafec00000) (1024K)]
  0x000002226b9b5820 JavaThread "Bundle File Closer"         daemon [_thread_blocked, id=4412, stack(0x000000eafef00000,0x000000eaff000000) (1024K)]
  0x000002226b9b6540 JavaThread "SCR Component Actor"        daemon [_thread_blocked, id=22404, stack(0x000000eafec00000,0x000000eafed00000) (1024K)]
  0x00000222715c1b60 JavaThread "Worker-JM"                         [_thread_blocked, id=14808, stack(0x000000eaff200000,0x000000eaff300000) (1024K)]
  0x00000222715c0120 JavaThread "JNA Cleaner"                daemon [_thread_blocked, id=13412, stack(0x000000eaff300000,0x000000eaff400000) (1024K)]
  0x00000222715c21f0 JavaThread "Worker-0"                          [_thread_blocked, id=16448, stack(0x000000eaff400000,0x000000eaff500000) (1024K)]
  0x00000222715c2880 JavaThread "Worker-1"                          [_thread_blocked, id=25348, stack(0x000000eaff500000,0x000000eaff600000) (1024K)]
  0x00000222715c07b0 JavaThread "Worker-2"                          [_thread_blocked, id=9280, stack(0x000000eaff600000,0x000000eaff700000) (1024K)]
  0x00000222715c0e40 JavaThread "Java indexing"              daemon [_thread_in_native, id=22052, stack(0x000000eaff800000,0x000000eaff900000) (1024K)]
  0x00000222715c42c0 JavaThread "Worker-3"                          [_thread_blocked, id=13812, stack(0x000000eaffc00000,0x000000eaffd00000) (1024K)]
  0x00000222715c4950 JavaThread "Thread-2"                   daemon [_thread_in_native, id=15784, stack(0x000000eaffd00000,0x000000eaffe00000) (1024K)]
  0x00000222715c3c30 JavaThread "Thread-3"                   daemon [_thread_in_native, id=18304, stack(0x000000eaffe00000,0x000000eafff00000) (1024K)]
  0x00000222715c2f10 JavaThread "Thread-4"                   daemon [_thread_in_native, id=24928, stack(0x000000eafff00000,0x000000eb00000000) (1024K)]
  0x00000222715c35a0 JavaThread "Thread-5"                   daemon [_thread_in_native, id=7116, stack(0x000000ea80000000,0x000000ea80100000) (1024K)]
  0x00000222715c14d0 JavaThread "Thread-6"                   daemon [_thread_in_native, id=26160, stack(0x000000ea80100000,0x000000ea80200000) (1024K)]
  0x00000222715c70b0 JavaThread "Thread-7"                   daemon [_thread_in_native, id=22628, stack(0x000000ea80200000,0x000000ea80300000) (1024K)]
  0x00000222715c7740 JavaThread "Thread-8"                   daemon [_thread_in_native, id=11616, stack(0x000000ea80300000,0x000000ea80400000) (1024K)]
  0x00000222715c4fe0 JavaThread "Thread-9"                   daemon [_thread_in_native, id=13268, stack(0x000000ea80400000,0x000000ea80500000) (1024K)]
  0x00000222715c6a20 JavaThread "Thread-10"                  daemon [_thread_in_native, id=21580, stack(0x000000ea80500000,0x000000ea80600000) (1024K)]
  0x00000222715c5670 JavaThread "Thread-11"                  daemon [_thread_in_native, id=15064, stack(0x000000ea80600000,0x000000ea80700000) (1024K)]
  0x00000222715c5d00 JavaThread "Thread-12"                  daemon [_thread_in_native, id=3680, stack(0x000000ea80700000,0x000000ea80800000) (1024K)]
  0x00000222715c6390 JavaThread "Thread-13"                  daemon [_thread_in_native, id=1996, stack(0x000000ea80800000,0x000000ea80900000) (1024K)]
  0x000002227337ee30 JavaThread "Thread-14"                  daemon [_thread_in_native, id=17092, stack(0x000000ea80900000,0x000000ea80a00000) (1024K)]
  0x000002227337fb50 JavaThread "pool-2-thread-1"                   [_thread_blocked, id=25608, stack(0x000000ea80a00000,0x000000ea80b00000) (1024K)]
  0x000002227337e110 JavaThread "WorkspaceEventsHandler"            [_thread_blocked, id=25652, stack(0x000000ea80b00000,0x000000ea80c00000) (1024K)]
  0x000002227337da80 JavaThread "pool-1-thread-1"                   [_thread_blocked, id=15220, stack(0x000000ea80c00000,0x000000ea80d00000) (1024K)]
  0x00000222733801e0 JavaThread "Worker-4"                          [_thread_blocked, id=21616, stack(0x000000ea80d00000,0x000000ea80e00000) (1024K)]
  0x00000222733822b0 JavaThread "ForkJoinPool.commonPool-worker-1" daemon [_thread_blocked, id=18612, stack(0x000000ea80e00000,0x000000ea80f00000) (1024K)]
  0x0000022273384a10 JavaThread "ForkJoinPool.commonPool-worker-2" daemon [_thread_blocked, id=16092, stack(0x000000ea80f00000,0x000000ea81000000) (1024K)]
  0x00000222733850a0 JavaThread "ForkJoinPool.commonPool-worker-3" daemon [_thread_blocked, id=22656, stack(0x000000ea81000000,0x000000ea81100000) (1024K)]
  0x0000022273381c20 JavaThread "ForkJoinPool.commonPool-worker-4" daemon [_thread_blocked, id=18532, stack(0x000000ea81200000,0x000000ea81300000) (1024K)]
  0x0000022273382940 JavaThread "ForkJoinPool.commonPool-worker-5" daemon [_thread_blocked, id=15500, stack(0x000000ea81300000,0x000000ea81400000) (1024K)]
  0x0000022273382fd0 JavaThread "ForkJoinPool.commonPool-worker-6" daemon [_thread_blocked, id=20852, stack(0x000000ea81400000,0x000000ea81500000) (1024K)]
  0x0000022273384380 JavaThread "ForkJoinPool.commonPool-worker-7" daemon [_thread_blocked, id=8680, stack(0x000000ea81500000,0x000000ea81600000) (1024K)]
  0x0000022273383660 JavaThread "ForkJoinPool.commonPool-worker-8" daemon [_thread_blocked, id=9604, stack(0x000000ea81600000,0x000000ea81700000) (1024K)]
  0x000002226b9b6bd0 JavaThread "ForkJoinPool.commonPool-worker-9" daemon [_thread_blocked, id=9888, stack(0x000000ea81700000,0x000000ea81800000) (1024K)]
  0x0000022273b6dbd0 JavaThread "ForkJoinPool.commonPool-worker-10" daemon [_thread_blocked, id=2740, stack(0x000000ea81800000,0x000000ea81900000) (1024K)]
  0x0000022273b6d540 JavaThread "ForkJoinPool.commonPool-worker-11" daemon [_thread_blocked, id=3340, stack(0x000000ea81900000,0x000000ea81a00000) (1024K)]
  0x0000022273b6ceb0 JavaThread "LocalFile Deleter"          daemon [_thread_blocked, id=25020, stack(0x000000ea81100000,0x000000ea81200000) (1024K)]
  0x0000022273b6e260 JavaThread "pool-3-thread-1"                   [_thread_blocked, id=5788, stack(0x000000ea81a00000,0x000000ea81b00000) (1024K)]
  0x0000022273b6e8f0 JavaThread "Framework stop - Equinox Container: 9dbf9c2e-e9ed-4ba4-a27b-c942966856c6"        [_thread_blocked, id=24748, stack(0x000000ea81b00000,0x000000ea81c00000) (1024K)]
  0x0000022273b6c190 JavaThread "SCR Component Registry"     daemon [_thread_blocked, id=11972, stack(0x000000ea81c00000,0x000000ea81d00000) (1024K)]
=>0x0000022271bdb0f0 JavaThread "C2 CompilerThread1"         daemon [_thread_in_native, id=26000, stack(0x000000ea81d00000,0x000000ea81e00000) (1024K)]
  0x0000022271bdb7c0 JavaThread "C2 CompilerThread2"         daemon [_thread_in_native, id=4164, stack(0x000000ea81e00000,0x000000ea81f00000) (1024K)]
Total: 58

Other Threads:
  0x000002226b8b14a0 VMThread "VM Thread"                           [id=22768, stack(0x000000eafd600000,0x000000eafd700000) (1024K)]
  0x00000222293fca00 WatcherThread "VM Periodic Task Thread"        [id=22216, stack(0x000000eafd500000,0x000000eafd600000) (1024K)]
  0x0000022212a9e750 WorkerThread "GC Thread#0"                     [id=23344, stack(0x000000eafd400000,0x000000eafd500000) (1024K)]
  0x00000222711034e0 WorkerThread "GC Thread#1"                     [id=17388, stack(0x000000eafe300000,0x000000eafe400000) (1024K)]
  0x00000222713269e0 WorkerThread "GC Thread#2"                     [id=20580, stack(0x000000eafe400000,0x000000eafe500000) (1024K)]
  0x00000222713c0870 WorkerThread "GC Thread#3"                     [id=22624, stack(0x000000eafe500000,0x000000eafe600000) (1024K)]
  0x00000222713c0c10 WorkerThread "GC Thread#4"                     [id=26360, stack(0x000000eafe600000,0x000000eafe700000) (1024K)]
  0x00000222713c5330 WorkerThread "GC Thread#5"                     [id=19004, stack(0x000000eafe700000,0x000000eafe800000) (1024K)]
  0x00000222713c56d0 WorkerThread "GC Thread#6"                     [id=22488, stack(0x000000eafe800000,0x000000eafe900000) (1024K)]
  0x000002226b91b2b0 WorkerThread "GC Thread#7"                     [id=24952, stack(0x000000eafe000000,0x000000eafe100000) (1024K)]
  0x0000022271903a10 WorkerThread "GC Thread#8"                     [id=10816, stack(0x000000eafed00000,0x000000eafee00000) (1024K)]
  0x000002227159fd10 WorkerThread "GC Thread#9"                     [id=20056, stack(0x000000eafee00000,0x000000eafef00000) (1024K)]
Total: 12

Threads with active compile tasks:
C2 CompilerThread0  71591 9143 %     4       org.eclipse.jdt.internal.core.index.DiskIndex::mergeCategory @ 108 (301 bytes)
C2 CompilerThread1  71591 9075       4       org.eclipse.osgi.internal.serviceregistry.ServiceRegistry::notifyHooksPrivileged (57 bytes)
C2 CompilerThread2  71592 9124 %s!   4       org.eclipse.jdt.internal.core.index.DiskIndex::readCategoryTable @ 260 (743 bytes)
Total: 3

VM state: not at safepoint (normal execution)

VM Mutex/Monitor currently owned by a thread: None

Heap address: 0x0000000080000000, size: 2048 MB, Compressed Oops mode: 32-bit

CDS archive(s) mapped at: [0x000002222a000000-0x000002222aba0000-0x000002222aba0000), size 12189696, SharedBaseAddress: 0x000002222a000000, ArchiveRelocationMode: 1.
Compressed class space mapped at: 0x000002222b000000-0x000002226b000000, reserved size: 1073741824
Narrow klass base: 0x000002222a000000, Narrow klass shift: 0, Narrow klass range: 0x100000000

GC Precious Log:
 CardTable entry size: 512
 CPUs: 12 total, 12 available
 Memory: 16087M
 Large Page Support: Disabled
 NUMA Support: Disabled
 Compressed Oops: Enabled (32-bit)
 Alignments: Space 512K, Generation 512K, Heap 2M
 Heap Min Capacity: 100M
 Heap Initial Capacity: 100M
 Heap Max Capacity: 2G
 Pre-touch: Disabled
 Parallel Workers: 10

Heap:
 PSYoungGen      total 6144K, used 6066K [0x00000000d5580000, 0x00000000d6480000, 0x0000000100000000)
  eden space 3072K, 97% used [0x00000000d5580000,0x00000000d586ef08,0x00000000d5880000)
  from space 3072K, 99% used [0x00000000d5980000,0x00000000d5c7da20,0x00000000d5c80000)
  to   space 6144K, 0% used [0x00000000d5e80000,0x00000000d5e80000,0x00000000d6480000)
 ParOldGen       total 416768K, used 301458K [0x0000000080000000, 0x0000000099700000, 0x00000000d5580000)
  object space 416768K, 72% used [0x0000000080000000,0x0000000092664ad8,0x0000000099700000)
 Metaspace       used 62652K, committed 64064K, reserved 1114112K
  class space    used 6691K, committed 7296K, reserved 1048576K

Card table byte_map: [0x0000022212420000,0x0000022212830000] _byte_map_base: 0x0000022212020000

Marking Bits: (ParMarkBitMap*) 0x00007ff8fa9ca340
 Begin Bits: [0x0000022224f20000, 0x0000022226f20000)
 End Bits:   [0x0000022226f20000, 0x0000022228f20000)

Polling page: 0x00000222106f0000

Metaspace:

Usage:
  Non-class:     54.65 MB used.
      Class:      6.54 MB used.
       Both:     61.18 MB used.

Virtual space:
  Non-class space:       64.00 MB reserved,      55.44 MB ( 87%) committed,  1 nodes.
      Class space:        1.00 GB reserved,       7.12 MB ( <1%) committed,  1 nodes.
             Both:        1.06 GB reserved,      62.56 MB (  6%) committed. 

Chunk freelists:
   Non-Class:  7.86 MB
       Class:  8.85 MB
        Both:  16.71 MB

MaxMetaspaceSize: unlimited
CompressedClassSpaceSize: 1.00 GB
Initial GC threshold: 21.00 MB
Current GC threshold: 98.12 MB
CDS: on
 - commit_granule_bytes: 65536.
 - commit_granule_words: 8192.
 - virtual_space_node_default_size: 8388608.
 - enlarge_chunks_in_place: 1.
 - use_allocation_guard: 0.


Internal statistics:

num_allocs_failed_limit: 13.
num_arena_births: 1022.
num_arena_deaths: 14.
num_vsnodes_births: 2.
num_vsnodes_deaths: 0.
num_space_committed: 1001.
num_space_uncommitted: 0.
num_chunks_returned_to_freelist: 27.
num_chunks_taken_from_freelist: 3823.
num_chunk_merges: 17.
num_chunk_splits: 2428.
num_chunks_enlarged: 1473.
num_inconsistent_stats: 0.

CodeHeap 'non-profiled nmethods': size=120000Kb used=6882Kb max_used=6882Kb free=113117Kb
 bounds [0x000002221d740000, 0x000002221de00000, 0x0000022224c70000]
CodeHeap 'profiled nmethods': size=120000Kb used=17918Kb max_used=17918Kb free=102081Kb
 bounds [0x0000022215c70000, 0x0000022216df0000, 0x000002221d1a0000]
CodeHeap 'non-nmethods': size=5760Kb used=1446Kb max_used=1513Kb free=4313Kb
 bounds [0x000002221d1a0000, 0x000002221d410000, 0x000002221d740000]
CodeCache: size=245760Kb, used=26246Kb, max_used=26313Kb, free=219511Kb
 total_blobs=9135, nmethods=8370, adapters=671, full_count=0
Compilation: enabled, stopped_count=0, restarted_count=0

Compilation events (20 events):
Event: 70.507 Thread 0x000002226b8d3740 9069       4       java.util.LinkedHashMap::<init> (16 bytes)
Event: 70.507 Thread 0x000002226b8d3740 nmethod 9069 0x000002221ddf5b90 code [0x000002221ddf5d20, 0x000002221ddf5e20]
Event: 70.508 Thread 0x000002226b8d3740 9065       4       java.util.ArrayList::remove (26 bytes)
Event: 70.508 Thread 0x0000022271bdb7c0 nmethod 9077 0x000002221ddf5f90 code [0x000002221ddf6180, 0x000002221ddf6490]
Event: 70.508 Thread 0x0000022271bdb7c0 9102       4       java.util.concurrent.atomic.AtomicLong::incrementAndGet (14 bytes)
Event: 70.508 Thread 0x0000022271bdb7c0 nmethod 9102 0x000002221ddf6810 code [0x000002221ddf69a0, 0x000002221ddf6a38]
Event: 70.509 Thread 0x000002226b8d3740 nmethod 9065 0x000002221ddf6b10 code [0x000002221ddf6ca0, 0x000002221ddf6ec0]
Event: 70.511 Thread 0x000002226b8dcd90 9120       1       org.eclipse.core.runtime.preferences.DefaultScope::getName (3 bytes)
Event: 70.511 Thread 0x000002226b8dcd90 nmethod 9120 0x000002221ddf7090 code [0x000002221ddf7220, 0x000002221ddf72f0]
Event: 70.512 Thread 0x000002226b8dcd90 9121       3       org.eclipse.osgi.internal.log.ExtendedLogReaderServiceFactory::incrementNestedCount (17 bytes)
Event: 70.512 Thread 0x000002226b8dcd90 nmethod 9121 0x0000022216ddd010 code [0x0000022216ddd200, 0x0000022216ddd708]
Event: 70.512 Thread 0x000002226b8dcd90 9122       3       org.apache.felix.scr.impl.Activator::debug (78 bytes)
Event: 70.513 Thread 0x000002226b8dcd90 nmethod 9122 0x0000022216ddd910 code [0x0000022216dddbc0, 0x0000022216dde660]
Event: 70.517 Thread 0x000002226b8dcd90 9123  s!   3       org.eclipse.jdt.internal.core.index.DiskIndex::readCategoryTable (743 bytes)
Event: 70.520 Thread 0x000002226b8dcd90 nmethod 9123 0x0000022216ddea90 code [0x0000022216ddf0c0, 0x0000022216de2e10]
Event: 70.522 Thread 0x0000022271bdb7c0 9124 %s!   4       org.eclipse.jdt.internal.core.index.DiskIndex::readCategoryTable @ 260 (743 bytes)
Event: 70.537 Thread 0x000002226b8dcd90 9125 %     3       org.eclipse.jdt.internal.core.index.DiskIndex::mergeCategory @ 108 (301 bytes)
Event: 70.539 Thread 0x000002226b8dcd90 nmethod 9125% 0x0000022216de4c90 code [0x0000022216de4fa0, 0x0000022216de6720]
Event: 70.539 Thread 0x000002226b8dcd90 9126       3       org.eclipse.jdt.internal.core.index.DiskIndex::mergeCategory (301 bytes)
Event: 70.540 Thread 0x000002226b8dcd90 nmethod 9126 0x0000022216de7110 code [0x0000022216de7400, 0x0000022216de85d0]

GC Heap History (20 events):
Event: 27.422 GC heap after
{Heap after GC invocations=368 (full 3):
 PSYoungGen      total 5632K, used 1824K [0x00000000d5580000, 0x00000000d5d80000, 0x0000000100000000)
  eden space 3072K, 0% used [0x00000000d5580000,0x00000000d5580000,0x00000000d5880000)
  from space 2560K, 71% used [0x00000000d5880000,0x00000000d5a48000,0x00000000d5b00000)
  to   space 2048K, 0% used [0x00000000d5b80000,0x00000000d5b80000,0x00000000d5d80000)
 ParOldGen       total 416768K, used 292618K [0x0000000080000000, 0x0000000099700000, 0x00000000d5580000)
  object space 416768K, 70% used [0x0000000080000000,0x0000000091dc2a18,0x0000000099700000)
 Metaspace       used 60757K, committed 62144K, reserved 1114112K
  class space    used 6512K, committed 7104K, reserved 1048576K
}
Event: 30.796 GC heap before
{Heap before GC invocations=369 (full 3):
 PSYoungGen      total 5632K, used 4896K [0x00000000d5580000, 0x00000000d5d80000, 0x0000000100000000)
  eden space 3072K, 100% used [0x00000000d5580000,0x00000000d5880000,0x00000000d5880000)
  from space 2560K, 71% used [0x00000000d5880000,0x00000000d5a48000,0x00000000d5b00000)
  to   space 2048K, 0% used [0x00000000d5b80000,0x00000000d5b80000,0x00000000d5d80000)
 ParOldGen       total 416768K, used 292618K [0x0000000080000000, 0x0000000099700000, 0x00000000d5580000)
  object space 416768K, 70% used [0x0000000080000000,0x0000000091dc2a18,0x0000000099700000)
 Metaspace       used 61020K, committed 62400K, reserved 1114112K
  class space    used 6529K, committed 7104K, reserved 1048576K
}
Event: 30.798 GC heap after
{Heap after GC invocations=369 (full 3):
 PSYoungGen      total 4096K, used 688K [0x00000000d5580000, 0x00000000d5c80000, 0x0000000100000000)
  eden space 3072K, 0% used [0x00000000d5580000,0x00000000d5580000,0x00000000d5880000)
  from space 1024K, 67% used [0x00000000d5b80000,0x00000000d5c2c030,0x00000000d5c80000)
  to   space 1536K, 0% used [0x00000000d5980000,0x00000000d5980000,0x00000000d5b00000)
 ParOldGen       total 416768K, used 294298K [0x0000000080000000, 0x0000000099700000, 0x00000000d5580000)
  object space 416768K, 70% used [0x0000000080000000,0x0000000091f66a18,0x0000000099700000)
 Metaspace       used 61020K, committed 62400K, reserved 1114112K
  class space    used 6529K, committed 7104K, reserved 1048576K
}
Event: 35.319 GC heap before
{Heap before GC invocations=370 (full 3):
 PSYoungGen      total 4096K, used 3760K [0x00000000d5580000, 0x00000000d5c80000, 0x0000000100000000)
  eden space 3072K, 100% used [0x00000000d5580000,0x00000000d5880000,0x00000000d5880000)
  from space 1024K, 67% used [0x00000000d5b80000,0x00000000d5c2c030,0x00000000d5c80000)
  to   space 1536K, 0% used [0x00000000d5980000,0x00000000d5980000,0x00000000d5b00000)
 ParOldGen       total 416768K, used 294298K [0x0000000080000000, 0x0000000099700000, 0x00000000d5580000)
  object space 416768K, 70% used [0x0000000080000000,0x0000000091f66a18,0x0000000099700000)
 Metaspace       used 61307K, committed 62720K, reserved 1114112K
  class space    used 6554K, committed 7104K, reserved 1048576K
}
Event: 35.322 GC heap after
{Heap after GC invocations=370 (full 3):
 PSYoungGen      total 4608K, used 608K [0x00000000d5580000, 0x00000000d5c00000, 0x0000000100000000)
  eden space 3072K, 0% used [0x00000000d5580000,0x00000000d5580000,0x00000000d5880000)
  from space 1536K, 39% used [0x00000000d5980000,0x00000000d5a18000,0x00000000d5b00000)
  to   space 1024K, 0% used [0x00000000d5b00000,0x00000000d5b00000,0x00000000d5c00000)
 ParOldGen       total 416768K, used 294522K [0x0000000080000000, 0x0000000099700000, 0x00000000d5580000)
  object space 416768K, 70% used [0x0000000080000000,0x0000000091f9ea18,0x0000000099700000)
 Metaspace       used 61307K, committed 62720K, reserved 1114112K
  class space    used 6554K, committed 7104K, reserved 1048576K
}
Event: 35.447 GC heap before
{Heap before GC invocations=371 (full 3):
 PSYoungGen      total 4608K, used 3674K [0x00000000d5580000, 0x00000000d5c00000, 0x0000000100000000)
  eden space 3072K, 99% used [0x00000000d5580000,0x00000000d587ea60,0x00000000d5880000)
  from space 1536K, 39% used [0x00000000d5980000,0x00000000d5a18000,0x00000000d5b00000)
  to   space 1024K, 0% used [0x00000000d5b00000,0x00000000d5b00000,0x00000000d5c00000)
 ParOldGen       total 416768K, used 294522K [0x0000000080000000, 0x0000000099700000, 0x00000000d5580000)
  object space 416768K, 70% used [0x0000000080000000,0x0000000091f9ea18,0x0000000099700000)
 Metaspace       used 61414K, committed 62848K, reserved 1114112K
  class space    used 6562K, committed 7168K, reserved 1048576K
}
Event: 35.448 GC heap after
{Heap after GC invocations=371 (full 3):
 PSYoungGen      total 3584K, used 288K [0x00000000d5580000, 0x00000000d5b80000, 0x0000000100000000)
  eden space 3072K, 0% used [0x00000000d5580000,0x00000000d5580000,0x00000000d5880000)
  from space 512K, 56% used [0x00000000d5b00000,0x00000000d5b48000,0x00000000d5b80000)
  to   space 512K, 0% used [0x00000000d5a80000,0x00000000d5a80000,0x00000000d5b00000)
 ParOldGen       total 416768K, used 294947K [0x0000000080000000, 0x0000000099700000, 0x00000000d5580000)
  object space 416768K, 70% used [0x0000000080000000,0x0000000092008f50,0x0000000099700000)
 Metaspace       used 61414K, committed 62848K, reserved 1114112K
  class space    used 6562K, committed 7168K, reserved 1048576K
}
Event: 35.506 GC heap before
{Heap before GC invocations=372 (full 3):
 PSYoungGen      total 3584K, used 3360K [0x00000000d5580000, 0x00000000d5b80000, 0x0000000100000000)
  eden space 3072K, 100% used [0x00000000d5580000,0x00000000d5880000,0x00000000d5880000)
  from space 512K, 56% used [0x00000000d5b00000,0x00000000d5b48000,0x00000000d5b80000)
  to   space 512K, 0% used [0x00000000d5a80000,0x00000000d5a80000,0x00000000d5b00000)
 ParOldGen       total 416768K, used 294947K [0x0000000080000000, 0x0000000099700000, 0x00000000d5580000)
  object space 416768K, 70% used [0x0000000080000000,0x0000000092008f50,0x0000000099700000)
 Metaspace       used 61747K, committed 63104K, reserved 1114112K
  class space    used 6594K, committed 7168K, reserved 1048576K
}
Event: 35.507 GC heap after
{Heap after GC invocations=372 (full 3):
 PSYoungGen      total 3584K, used 496K [0x00000000d5580000, 0x00000000d5b80000, 0x0000000100000000)
  eden space 3072K, 0% used [0x00000000d5580000,0x00000000d5580000,0x00000000d5880000)
  from space 512K, 96% used [0x00000000d5a80000,0x00000000d5afc1e0,0x00000000d5b00000)
  to   space 512K, 0% used [0x00000000d5b00000,0x00000000d5b00000,0x00000000d5b80000)
 ParOldGen       total 416768K, used 295011K [0x0000000080000000, 0x0000000099700000, 0x00000000d5580000)
  object space 416768K, 70% used [0x0000000080000000,0x0000000092018f50,0x0000000099700000)
 Metaspace       used 61747K, committed 63104K, reserved 1114112K
  class space    used 6594K, committed 7168K, reserved 1048576K
}
Event: 35.690 GC heap before
{Heap before GC invocations=373 (full 3):
 PSYoungGen      total 3584K, used 3568K [0x00000000d5580000, 0x00000000d5b80000, 0x0000000100000000)
  eden space 3072K, 100% used [0x00000000d5580000,0x00000000d5880000,0x00000000d5880000)
  from space 512K, 96% used [0x00000000d5a80000,0x00000000d5afc1e0,0x00000000d5b00000)
  to   space 512K, 0% used [0x00000000d5b00000,0x00000000d5b00000,0x00000000d5b80000)
 ParOldGen       total 416768K, used 295011K [0x0000000080000000, 0x0000000099700000, 0x00000000d5580000)
  object space 416768K, 70% used [0x0000000080000000,0x0000000092018f50,0x0000000099700000)
 Metaspace       used 62021K, committed 63360K, reserved 1114112K
  class space    used 6613K, committed 7168K, reserved 1048576K
}
Event: 35.691 GC heap after
{Heap after GC invocations=373 (full 3):
 PSYoungGen      total 3584K, used 272K [0x00000000d5580000, 0x00000000d5b80000, 0x0000000100000000)
  eden space 3072K, 0% used [0x00000000d5580000,0x00000000d5580000,0x00000000d5880000)
  from space 512K, 53% used [0x00000000d5b00000,0x00000000d5b44010,0x00000000d5b80000)
  to   space 512K, 0% used [0x00000000d5a80000,0x00000000d5a80000,0x00000000d5b00000)
 ParOldGen       total 416768K, used 295275K [0x0000000080000000, 0x0000000099700000, 0x00000000d5580000)
  object space 416768K, 70% used [0x0000000080000000,0x000000009205af70,0x0000000099700000)
 Metaspace       used 62021K, committed 63360K, reserved 1114112K
  class space    used 6613K, committed 7168K, reserved 1048576K
}
Event: 69.416 GC heap before
{Heap before GC invocations=374 (full 3):
 PSYoungGen      total 3584K, used 3344K [0x00000000d5580000, 0x00000000d5b80000, 0x0000000100000000)
  eden space 3072K, 100% used [0x00000000d5580000,0x00000000d5880000,0x00000000d5880000)
  from space 512K, 53% used [0x00000000d5b00000,0x00000000d5b44010,0x00000000d5b80000)
  to   space 512K, 0% used [0x00000000d5a80000,0x00000000d5a80000,0x00000000d5b00000)
 ParOldGen       total 416768K, used 295275K [0x0000000080000000, 0x0000000099700000, 0x00000000d5580000)
  object space 416768K, 70% used [0x0000000080000000,0x000000009205af70,0x0000000099700000)
 Metaspace       used 62372K, committed 63808K, reserved 1114112K
  class space    used 6656K, committed 7296K, reserved 1048576K
}
Event: 69.417 GC heap after
{Heap after GC invocations=374 (full 3):
 PSYoungGen      total 3584K, used 320K [0x00000000d5580000, 0x00000000d5b80000, 0x0000000100000000)
  eden space 3072K, 0% used [0x00000000d5580000,0x00000000d5580000,0x00000000d5880000)
  from space 512K, 62% used [0x00000000d5a80000,0x00000000d5ad0000,0x00000000d5b00000)
  to   space 512K, 0% used [0x00000000d5b00000,0x00000000d5b00000,0x00000000d5b80000)
 ParOldGen       total 416768K, used 295371K [0x0000000080000000, 0x0000000099700000, 0x00000000d5580000)
  object space 416768K, 70% used [0x0000000080000000,0x0000000092072f70,0x0000000099700000)
 Metaspace       used 62372K, committed 63808K, reserved 1114112K
  class space    used 6656K, committed 7296K, reserved 1048576K
}
Event: 70.516 GC heap before
{Heap before GC invocations=375 (full 3):
 PSYoungGen      total 3584K, used 3182K [0x00000000d5580000, 0x00000000d5b80000, 0x0000000100000000)
  eden space 3072K, 93% used [0x00000000d5580000,0x00000000d584bba8,0x00000000d5880000)
  from space 512K, 62% used [0x00000000d5a80000,0x00000000d5ad0000,0x00000000d5b00000)
  to   space 512K, 0% used [0x00000000d5b00000,0x00000000d5b00000,0x00000000d5b80000)
 ParOldGen       total 416768K, used 295371K [0x0000000080000000, 0x0000000099700000, 0x00000000d5580000)
  object space 416768K, 70% used [0x0000000080000000,0x0000000092072f70,0x0000000099700000)
 Metaspace       used 62637K, committed 64000K, reserved 1114112K
  class space    used 6691K, committed 7296K, reserved 1048576K
}
Event: 70.517 GC heap after
{Heap after GC invocations=375 (full 3):
 PSYoungGen      total 3584K, used 288K [0x00000000d5580000, 0x00000000d5b80000, 0x0000000100000000)
  eden space 3072K, 0% used [0x00000000d5580000,0x00000000d5580000,0x00000000d5880000)
  from space 512K, 56% used [0x00000000d5b00000,0x00000000d5b48000,0x00000000d5b80000)
  to   space 512K, 0% used [0x00000000d5a80000,0x00000000d5a80000,0x00000000d5b00000)
 ParOldGen       total 416768K, used 295459K [0x0000000080000000, 0x0000000099700000, 0x00000000d5580000)
  object space 416768K, 70% used [0x0000000080000000,0x0000000092088f70,0x0000000099700000)
 Metaspace       used 62637K, committed 64000K, reserved 1114112K
  class space    used 6691K, committed 7296K, reserved 1048576K
}
Event: 70.521 GC heap before
{Heap before GC invocations=376 (full 3):
 PSYoungGen      total 3584K, used 3360K [0x00000000d5580000, 0x00000000d5b80000, 0x0000000100000000)
  eden space 3072K, 100% used [0x00000000d5580000,0x00000000d5880000,0x00000000d5880000)
  from space 512K, 56% used [0x00000000d5b00000,0x00000000d5b48000,0x00000000d5b80000)
  to   space 512K, 0% used [0x00000000d5a80000,0x00000000d5a80000,0x00000000d5b00000)
 ParOldGen       total 416768K, used 295459K [0x0000000080000000, 0x0000000099700000, 0x00000000d5580000)
  object space 416768K, 70% used [0x0000000080000000,0x0000000092088f70,0x0000000099700000)
 Metaspace       used 62637K, committed 64000K, reserved 1114112K
  class space    used 6691K, committed 7296K, reserved 1048576K
}
Event: 70.522 GC heap after
{Heap after GC invocations=376 (full 3):
 PSYoungGen      total 3584K, used 500K [0x00000000d5580000, 0x00000000d6080000, 0x0000000100000000)
  eden space 3072K, 0% used [0x00000000d5580000,0x00000000d5580000,0x00000000d5880000)
  from space 512K, 97% used [0x00000000d5a80000,0x00000000d5afd3c8,0x00000000d5b00000)
  to   space 4096K, 0% used [0x00000000d5c80000,0x00000000d5c80000,0x00000000d6080000)
 ParOldGen       total 416768K, used 298136K [0x0000000080000000, 0x0000000099700000, 0x00000000d5580000)
  object space 416768K, 71% used [0x0000000080000000,0x0000000092326348,0x0000000099700000)
 Metaspace       used 62637K, committed 64000K, reserved 1114112K
  class space    used 6691K, committed 7296K, reserved 1048576K
}
Event: 70.531 GC heap before
{Heap before GC invocations=377 (full 3):
 PSYoungGen      total 3584K, used 3572K [0x00000000d5580000, 0x00000000d6080000, 0x0000000100000000)
  eden space 3072K, 99% used [0x00000000d5580000,0x00000000d587fff8,0x00000000d5880000)
  from space 512K, 97% used [0x00000000d5a80000,0x00000000d5afd3c8,0x00000000d5b00000)
  to   space 4096K, 0% used [0x00000000d5c80000,0x00000000d5c80000,0x00000000d6080000)
 ParOldGen       total 416768K, used 298136K [0x0000000080000000, 0x0000000099700000, 0x00000000d5580000)
  object space 416768K, 71% used [0x0000000080000000,0x0000000092326348,0x0000000099700000)
 Metaspace       used 62637K, committed 64000K, reserved 1114112K
  class space    used 6691K, committed 7296K, reserved 1048576K
}
Event: 70.533 GC heap after
{Heap after GC invocations=377 (full 3):
 PSYoungGen      total 6144K, used 2904K [0x00000000d5580000, 0x00000000d5f80000, 0x0000000100000000)
  eden space 3072K, 0% used [0x00000000d5580000,0x00000000d5580000,0x00000000d5880000)
  from space 3072K, 94% used [0x00000000d5c80000,0x00000000d5f56000,0x00000000d5f80000)
  to   space 3072K, 0% used [0x00000000d5980000,0x00000000d5980000,0x00000000d5c80000)
 ParOldGen       total 416768K, used 298890K [0x0000000080000000, 0x0000000099700000, 0x00000000d5580000)
  object space 416768K, 71% used [0x0000000080000000,0x00000000923e2ad8,0x0000000099700000)
 Metaspace       used 62637K, committed 64000K, reserved 1114112K
  class space    used 6691K, committed 7296K, reserved 1048576K
}
Event: 70.555 GC heap before
{Heap before GC invocations=378 (full 3):
 PSYoungGen      total 6144K, used 5976K [0x00000000d5580000, 0x00000000d5f80000, 0x0000000100000000)
  eden space 3072K, 100% used [0x00000000d5580000,0x00000000d5880000,0x00000000d5880000)
  from space 3072K, 94% used [0x00000000d5c80000,0x00000000d5f56000,0x00000000d5f80000)
  to   space 3072K, 0% used [0x00000000d5980000,0x00000000d5980000,0x00000000d5c80000)
 ParOldGen       total 416768K, used 298890K [0x0000000080000000, 0x0000000099700000, 0x00000000d5580000)
  object space 416768K, 71% used [0x0000000080000000,0x00000000923e2ad8,0x0000000099700000)
 Metaspace       used 62638K, committed 64000K, reserved 1114112K
  class space    used 6691K, committed 7296K, reserved 1048576K
}

Dll operation events (11 events):
Event: 0.006 Loaded shared library c:\Users\Shaunak Mishra\.vscode\extensions\redhat.java-1.45.0-win32-x64\jre\21.0.8-win32-x86_64\bin\java.dll
Event: 0.040 Loaded shared library c:\Users\Shaunak Mishra\.vscode\extensions\redhat.java-1.45.0-win32-x64\jre\21.0.8-win32-x86_64\bin\zip.dll
Event: 0.051 Loaded shared library C:\Users\Shaunak Mishra\.vscode\extensions\redhat.java-1.45.0-win32-x64\jre\21.0.8-win32-x86_64\bin\instrument.dll
Event: 0.054 Loaded shared library C:\Users\Shaunak Mishra\.vscode\extensions\redhat.java-1.45.0-win32-x64\jre\21.0.8-win32-x86_64\bin\net.dll
Event: 0.055 Loaded shared library C:\Users\Shaunak Mishra\.vscode\extensions\redhat.java-1.45.0-win32-x64\jre\21.0.8-win32-x86_64\bin\nio.dll
Event: 0.057 Loaded shared library C:\Users\Shaunak Mishra\.vscode\extensions\redhat.java-1.45.0-win32-x64\jre\21.0.8-win32-x86_64\bin\zip.dll
Event: 0.066 Loaded shared library C:\Users\Shaunak Mishra\.vscode\extensions\redhat.java-1.45.0-win32-x64\jre\21.0.8-win32-x86_64\bin\jimage.dll
Event: 0.105 Loaded shared library c:\Users\Shaunak Mishra\.vscode\extensions\redhat.java-1.45.0-win32-x64\jre\21.0.8-win32-x86_64\bin\verify.dll
Event: 7.137 Loaded shared library C:\Users\Shaunak Mishra\AppData\Roaming\Code\User\globalStorage\redhat.java\1.45.0\config_win\org.eclipse.equinox.launcher\org.eclipse.equinox.launcher.win32.win32.x86_64_1.2.1400.v20250801-0854\eclipse_11916.dll
Event: 18.206 Loaded shared library C:\Users\Shaunak Mishra\AppData\Local\Temp\jna--843261647\jna6754287171462238227.dll
Event: 26.977 Loaded shared library C:\Users\Shaunak Mishra\.vscode\extensions\redhat.java-1.45.0-win32-x64\jre\21.0.8-win32-x86_64\bin\sunmscapi.dll

Deoptimization events (20 events):
Event: 70.466 Thread 0x0000022273b6e8f0 Uncommon trap: trap_request=0xfffffff4 fr.pc=0x000002221d958ff0 relative=0x0000000000001250
Event: 70.466 Thread 0x0000022273b6e8f0 Uncommon trap: reason=null_check action=make_not_entrant pc=0x000002221d958ff0 method=org.apache.aries.spifly.BaseActivator.getWeavingData(Lorg/osgi/framework/Bundle;)Ljava/util/Set; @ 10 c2
Event: 70.466 Thread 0x0000022273b6e8f0 DEOPT PACKING pc=0x000002221d958ff0 sp=0x000000ea81bfd680
Event: 70.466 Thread 0x0000022273b6e8f0 DEOPT UNPACKING pc=0x000002221d1f3aa2 sp=0x000000ea81bfd458 mode 2
Event: 70.470 Thread 0x0000022273b6e8f0 Uncommon trap: trap_request=0xffffffde fr.pc=0x000002221d9ce2b4 relative=0x0000000000000274
Event: 70.470 Thread 0x0000022273b6e8f0 Uncommon trap: reason=class_check action=maybe_recompile pc=0x000002221d9ce2b4 method=java.util.Comparator.lambda$comparing$77a9974f$1(Ljava/util/function/Function;Ljava/lang/Object;Ljava/lang/Object;)I @ 7 c2
Event: 70.471 Thread 0x0000022273b6e8f0 DEOPT PACKING pc=0x000002221d9ce2b4 sp=0x000000ea81bfcff0
Event: 70.471 Thread 0x0000022273b6e8f0 DEOPT UNPACKING pc=0x000002221d1f3aa2 sp=0x000000ea81bfcf20 mode 2
Event: 70.471 Thread 0x0000022273b6e8f0 Uncommon trap: trap_request=0xffffffde fr.pc=0x000002221d9ce2b4 relative=0x0000000000000274
Event: 70.471 Thread 0x0000022273b6e8f0 Uncommon trap: reason=class_check action=maybe_recompile pc=0x000002221d9ce2b4 method=java.util.Comparator.lambda$comparing$77a9974f$1(Ljava/util/function/Function;Ljava/lang/Object;Ljava/lang/Object;)I @ 7 c2
Event: 70.471 Thread 0x0000022273b6e8f0 DEOPT PACKING pc=0x000002221d9ce2b4 sp=0x000000ea81bfcf60
Event: 70.471 Thread 0x0000022273b6e8f0 DEOPT UNPACKING pc=0x000002221d1f3aa2 sp=0x000000ea81bfce90 mode 2
Event: 70.471 Thread 0x0000022273b6e8f0 Uncommon trap: trap_request=0xffffffde fr.pc=0x000002221d9ce2b4 relative=0x0000000000000274
Event: 70.471 Thread 0x0000022273b6e8f0 Uncommon trap: reason=class_check action=maybe_recompile pc=0x000002221d9ce2b4 method=java.util.Comparator.lambda$comparing$77a9974f$1(Ljava/util/function/Function;Ljava/lang/Object;Ljava/lang/Object;)I @ 7 c2
Event: 70.471 Thread 0x0000022273b6e8f0 DEOPT PACKING pc=0x000002221d9ce2b4 sp=0x000000ea81bfcf60
Event: 70.471 Thread 0x0000022273b6e8f0 DEOPT UNPACKING pc=0x000002221d1f3aa2 sp=0x000000ea81bfce90 mode 2
Event: 70.471 Thread 0x0000022273b6e8f0 Uncommon trap: trap_request=0xffffffde fr.pc=0x000002221d9ce2b4 relative=0x0000000000000274
Event: 70.471 Thread 0x0000022273b6e8f0 Uncommon trap: reason=class_check action=maybe_recompile pc=0x000002221d9ce2b4 method=java.util.Comparator.lambda$comparing$77a9974f$1(Ljava/util/function/Function;Ljava/lang/Object;Ljava/lang/Object;)I @ 7 c2
Event: 70.472 Thread 0x0000022273b6e8f0 DEOPT PACKING pc=0x000002221d9ce2b4 sp=0x000000ea81bfcff0
Event: 70.472 Thread 0x0000022273b6e8f0 DEOPT UNPACKING pc=0x000002221d1f3aa2 sp=0x000000ea81bfcf20 mode 2

Classes loaded (20 events):
Event: 69.405 Loading class java/util/concurrent/ConcurrentHashMap$EntrySpliterator
Event: 69.405 Loading class java/util/concurrent/ConcurrentHashMap$EntrySpliterator done
Event: 69.408 Loading class java/util/zip/Deflater
Event: 69.408 Loading class java/util/zip/Deflater done
Event: 69.410 Loading class java/util/zip/Deflater$DeflaterZStreamRef
Event: 69.410 Loading class java/util/zip/Deflater$DeflaterZStreamRef done
Event: 69.411 Loading class java/util/stream/Nodes$ToArrayTask$OfRef
Event: 69.412 Loading class java/util/stream/Nodes$ToArrayTask
Event: 69.412 Loading class java/util/stream/Nodes$ToArrayTask done
Event: 69.412 Loading class java/util/stream/Nodes$ToArrayTask$OfRef done
Event: 69.413 Loading class java/io/ObjectOutputStream$BlockDataOutputStream
Event: 69.413 Loading class java/io/ObjectOutputStream$BlockDataOutputStream done
Event: 69.413 Loading class java/io/ObjectOutputStream$HandleTable
Event: 69.413 Loading class java/io/ObjectOutputStream$HandleTable done
Event: 69.413 Loading class java/io/ObjectOutputStream$ReplaceTable
Event: 69.413 Loading class java/io/ObjectOutputStream$ReplaceTable done
Event: 69.419 Loading class java/util/Collections$EmptyListIterator
Event: 69.419 Loading class java/util/Collections$EmptyListIterator done
Event: 70.508 Loading class sun/nio/ch/ChannelOutputStream
Event: 70.508 Loading class sun/nio/ch/ChannelOutputStream done

Classes unloaded (7 events):
Event: 18.566 Thread 0x000002226b8b14a0 Unloading class 0x000002222b1a6800 'java/lang/invoke/LambdaForm$MH+0x000002222b1a6800'
Event: 18.566 Thread 0x000002226b8b14a0 Unloading class 0x000002222b1a6400 'java/lang/invoke/LambdaForm$MH+0x000002222b1a6400'
Event: 18.566 Thread 0x000002226b8b14a0 Unloading class 0x000002222b1a6000 'java/lang/invoke/LambdaForm$MH+0x000002222b1a6000'
Event: 18.566 Thread 0x000002226b8b14a0 Unloading class 0x000002222b1a5c00 'java/lang/invoke/LambdaForm$MH+0x000002222b1a5c00'
Event: 18.566 Thread 0x000002226b8b14a0 Unloading class 0x000002222b1a5800 'java/lang/invoke/LambdaForm$BMH+0x000002222b1a5800'
Event: 18.566 Thread 0x000002226b8b14a0 Unloading class 0x000002222b1a5400 'java/lang/invoke/LambdaForm$DMH+0x000002222b1a5400'
Event: 18.566 Thread 0x000002226b8b14a0 Unloading class 0x000002222b1a4000 'java/lang/invoke/LambdaForm$DMH+0x000002222b1a4000'

Classes redefined (0 events):
No events

Internal exceptions (20 events):
Event: 35.682 Thread 0x00000222715c07b0 Exception <a 'sun/nio/fs/WindowsException'{0x00000000d5867710}> (0x00000000d5867710) 
thrown [s\src\hotspot\share\prims\jni.cpp, line 520]
Event: 35.685 Thread 0x00000222715c07b0 Exception <a 'sun/nio/fs/WindowsException'{0x00000000d5878d38}> (0x00000000d5878d38) 
thrown [s\src\hotspot\share\prims\jni.cpp, line 520]
Event: 35.692 Thread 0x00000222715c07b0 Exception <a 'sun/nio/fs/WindowsException'{0x00000000d558ab98}> (0x00000000d558ab98) 
thrown [s\src\hotspot\share\prims\jni.cpp, line 520]
Event: 35.697 Thread 0x00000222715c07b0 Exception <a 'sun/nio/fs/WindowsException'{0x00000000d559c330}> (0x00000000d559c330) 
thrown [s\src\hotspot\share\prims\jni.cpp, line 520]
Event: 35.703 Thread 0x00000222715c07b0 Exception <a 'sun/nio/fs/WindowsException'{0x00000000d55ad768}> (0x00000000d55ad768) 
thrown [s\src\hotspot\share\prims\jni.cpp, line 520]
Event: 35.712 Thread 0x00000222715c07b0 Exception <a 'sun/nio/fs/WindowsException'{0x00000000d55bec28}> (0x00000000d55bec28) 
thrown [s\src\hotspot\share\prims\jni.cpp, line 520]
Event: 35.721 Thread 0x00000222715c07b0 Exception <a 'sun/nio/fs/WindowsException'{0x00000000d55cf1f8}> (0x00000000d55cf1f8) 
thrown [s\src\hotspot\share\prims\jni.cpp, line 520]
Event: 35.721 Thread 0x00000222715c07b0 Exception <a 'sun/nio/fs/WindowsException'{0x00000000d55cf908}> (0x00000000d55cf908) 
thrown [s\src\hotspot\share\prims\jni.cpp, line 520]
Event: 35.730 Thread 0x00000222715c07b0 Exception <a 'sun/nio/fs/WindowsException'{0x00000000d56042f0}> (0x00000000d56042f0) 
thrown [s\src\hotspot\share\prims\jni.cpp, line 520]
Event: 35.730 Thread 0x00000222715c07b0 Exception <a 'sun/nio/fs/WindowsException'{0x00000000d5604a00}> (0x00000000d5604a00) 
thrown [s\src\hotspot\share\prims\jni.cpp, line 520]
Event: 41.207 Thread 0x000002227337da80 Exception <a 'java/io/IOException'{0x00000000d5635f80}> (0x00000000d5635f80) 
thrown [s\src\hotspot\share\prims\jni.cpp, line 520]
Event: 69.422 Thread 0x00000222715c21f0 Exception <a 'java/lang/NoSuchMethodError'{0x00000000d55bad68}: 'java.lang.Object java.lang.invoke.DirectMethodHandle$Holder.newInvokeSpecial(java.lang.Object, java.lang.Object, java.lang.Object, java.lang.Object, java.lang.Object, java.lang.Object, java.lang.Object, java.lang.Object, java.lang.Object, java.lang.Object)'> (0x00000000d55bad68) 
thrown [s\src\hotspot\share\interpreter\linkResolver.cpp, line 773]
Event: 70.488 Thread 0x0000022273b6e8f0 Exception <a 'java/lang/NoSuchMethodError'{0x00000000d572fc98}: 'void java.lang.invoke.DirectMethodHandle$Holder.invokeInterface(java.lang.Object, java.lang.Object)'> (0x00000000d572fc98) 
thrown [s\src\hotspot\share\interpreter\linkResolver.cpp, line 773]
Event: 70.503 Thread 0x0000022273b6e8f0 Exception <a 'sun/nio/fs/WindowsException'{0x00000000d57fb350}> (0x00000000d57fb350) 
thrown [s\src\hotspot\share\prims\jni.cpp, line 520]
Event: 70.503 Thread 0x0000022273b6e8f0 Exception <a 'sun/nio/fs/WindowsException'{0x00000000d57fbc18}> (0x00000000d57fbc18) 
thrown [s\src\hotspot\share\prims\jni.cpp, line 520]
Event: 70.503 Thread 0x0000022273b6e8f0 Exception <a 'sun/nio/fs/WindowsException'{0x00000000d57fc9b8}> (0x00000000d57fc9b8) 
thrown [s\src\hotspot\share\prims\jni.cpp, line 520]
Event: 70.503 Thread 0x0000022273b6e8f0 Exception <a 'sun/nio/fs/WindowsException'{0x00000000d57fd308}> (0x00000000d57fd308) 
thrown [s\src\hotspot\share\prims\jni.cpp, line 520]
Event: 70.504 Thread 0x0000022273b6e8f0 Exception <a 'sun/nio/fs/WindowsException'{0x00000000d57fddc0}> (0x00000000d57fddc0) 
thrown [s\src\hotspot\share\prims\jni.cpp, line 520]
Event: 70.504 Thread 0x0000022273b6e8f0 Exception <a 'sun/nio/fs/WindowsException'{0x00000000d57fe3f0}> (0x00000000d57fe3f0) 
thrown [s\src\hotspot\share\prims\jni.cpp, line 520]
Event: 70.506 Thread 0x0000022273b6e8f0 Exception <a 'sun/nio/fs/WindowsException'{0x00000000d58133e0}> (0x00000000d58133e0) 
thrown [s\src\hotspot\share\prims\jni.cpp, line 520]

ZGC Phase Switch (0 events):
No events

VM Operations (20 events):
Event: 35.691 Executing VM operation: ParallelGCFailedAllocation (Allocation Failure) done
Event: 36.697 Executing VM operation: Cleanup
Event: 36.697 Executing VM operation: Cleanup done
Event: 60.204 Executing VM operation: HandshakeAllThreads (HandshakeForDeflation)
Event: 60.204 Executing VM operation: HandshakeAllThreads (HandshakeForDeflation) done
Event: 60.204 Executing VM operation: RendezvousGCThreads
Event: 60.204 Executing VM operation: RendezvousGCThreads done
Event: 69.416 Executing VM operation: ParallelGCFailedAllocation (Allocation Failure)
Event: 69.417 Executing VM operation: ParallelGCFailedAllocation (Allocation Failure) done
Event: 70.425 Executing VM operation: Cleanup
Event: 70.425 Executing VM operation: Cleanup done
Event: 70.499 Executing VM operation: HandshakeAllThreads (Deoptimize)
Event: 70.499 Executing VM operation: HandshakeAllThreads (Deoptimize) done
Event: 70.516 Executing VM operation: ParallelGCFailedAllocation (Allocation Failure)
Event: 70.517 Executing VM operation: ParallelGCFailedAllocation (Allocation Failure) done
Event: 70.521 Executing VM operation: ParallelGCFailedAllocation (Allocation Failure)
Event: 70.522 Executing VM operation: ParallelGCFailedAllocation (Allocation Failure) done
Event: 70.531 Executing VM operation: ParallelGCFailedAllocation (Allocation Failure)
Event: 70.533 Executing VM operation: ParallelGCFailedAllocation (Allocation Failure) done
Event: 70.555 Executing VM operation: ParallelGCFailedAllocation (Allocation Failure)

Memory protections (0 events):
No events

Nmethod flushes (20 events):
Event: 26.789 Thread 0x000002226b8b14a0 flushing  nmethod 0x00000222164e9490
Event: 26.789 Thread 0x000002226b8b14a0 flushing  nmethod 0x00000222164eb310
Event: 26.789 Thread 0x000002226b8b14a0 flushing  nmethod 0x00000222164eb910
Event: 26.789 Thread 0x000002226b8b14a0 flushing  nmethod 0x00000222164ec190
Event: 26.789 Thread 0x000002226b8b14a0 flushing  nmethod 0x00000222164edc90
Event: 26.789 Thread 0x000002226b8b14a0 flushing  nmethod 0x00000222164fa510
Event: 26.789 Thread 0x000002226b8b14a0 flushing  nmethod 0x00000222164feb10
Event: 26.789 Thread 0x000002226b8b14a0 flushing  nmethod 0x0000022216529790
Event: 26.789 Thread 0x000002226b8b14a0 flushing  nmethod 0x000002221653d390
Event: 26.789 Thread 0x000002226b8b14a0 flushing  nmethod 0x0000022216565b90
Event: 26.789 Thread 0x000002226b8b14a0 flushing  nmethod 0x0000022216578510
Event: 26.789 Thread 0x000002226b8b14a0 flushing  nmethod 0x000002221657b590
Event: 26.789 Thread 0x000002226b8b14a0 flushing  nmethod 0x000002221657ce90
Event: 26.789 Thread 0x000002226b8b14a0 flushing  nmethod 0x000002221657e990
Event: 26.789 Thread 0x000002226b8b14a0 flushing  nmethod 0x0000022216586390
Event: 26.789 Thread 0x000002226b8b14a0 flushing  nmethod 0x0000022216587c10
Event: 26.789 Thread 0x000002226b8b14a0 flushing  nmethod 0x0000022216587f90
Event: 26.789 Thread 0x000002226b8b14a0 flushing  nmethod 0x0000022216588310
Event: 26.789 Thread 0x000002226b8b14a0 flushing  nmethod 0x0000022216588890
Event: 26.789 Thread 0x000002226b8b14a0 flushing  nmethod 0x0000022216589410

Events (20 events):
Event: 34.838 Thread 0x0000022271bd95b0 Thread exited: 0x0000022271bd95b0
Event: 34.839 Thread 0x0000022271bdc560 Thread exited: 0x0000022271bdc560
Event: 35.527 Thread 0x00000222715c07b0 Thread added: 0x0000022273b6ceb0
Event: 69.385 Thread 0x000002227337fb50 Thread added: 0x0000022273b6e260
Event: 69.395 Thread 0x00000222715c21f0 Thread added: 0x0000022273b6bb00
Event: 69.398 Thread 0x0000022273b6bb00 Thread exited: 0x0000022273b6bb00
Event: 69.407 Thread 0x00000222715c21f0 Thread added: 0x0000022273b6bb00
Event: 69.408 Thread 0x0000022273b6bb00 Thread added: 0x0000022273b6e8f0
Event: 69.412 Thread 0x0000022273b6e8f0 Thread exited: 0x0000022273b6e8f0
Event: 69.412 Thread 0x0000022273b6bb00 Thread exited: 0x0000022273b6bb00
Event: 69.423 Thread 0x00000222715c21f0 Thread added: 0x0000022273b6c820
Event: 69.424 Thread 0x0000022273b6c820 Thread added: 0x0000022273b6e8f0
Event: 69.425 Thread 0x0000022273b6c820 Thread added: 0x0000022273b6c190
Event: 69.426 Thread 0x0000022273b6c820 Thread exited: 0x0000022273b6c820
Event: 69.426 Thread 0x0000022273b6c190 Thread exited: 0x0000022273b6c190
Event: 69.426 Thread 0x0000022273b6e8f0 Thread exited: 0x0000022273b6e8f0
Event: 70.459 Thread 0x0000022212a7ed60 Thread added: 0x0000022273b6e8f0
Event: 70.468 Thread 0x0000022273b6e8f0 Thread added: 0x0000022273b6c190
Event: 70.468 Thread 0x000002226b8dcd90 Thread added: 0x0000022271bdb0f0
Event: 70.479 Thread 0x000002226b8dcd90 Thread added: 0x0000022271bdb7c0


Dynamic libraries:
0x00007ff665320000 - 0x00007ff66532e000 	c:\Users\Shaunak Mishra\.vscode\extensions\redhat.java-1.45.0-win32-x64\jre\21.0.8-win32-x86_64\bin\java.exe
0x00007ff98b180000 - 0x00007ff98b3e9000 	C:\WINDOWS\SYSTEM32\ntdll.dll
0x00007ff989f50000 - 0x00007ff98a019000 	C:\WINDOWS\System32\KERNEL32.DLL
0x00007ff988a90000 - 0x00007ff988e83000 	C:\WINDOWS\System32\KERNELBASE.dll
0x00007ff988940000 - 0x00007ff988a8b000 	C:\WINDOWS\System32\ucrtbase.dll
0x00007ff971ab0000 - 0x00007ff971ace000 	c:\Users\Shaunak Mishra\.vscode\extensions\redhat.java-1.45.0-win32-x64\jre\21.0.8-win32-x86_64\bin\VCRUNTIME140.dll
0x00007ff974210000 - 0x00007ff974228000 	c:\Users\Shaunak Mishra\.vscode\extensions\redhat.java-1.45.0-win32-x64\jre\21.0.8-win32-x86_64\bin\jli.dll
0x00007ff9892e0000 - 0x00007ff9894a4000 	C:\WINDOWS\System32\USER32.dll
0x00007ff9616a0000 - 0x00007ff961933000 	C:\WINDOWS\WinSxS\amd64_microsoft.windows.common-controls_6595b64144ccf1df_6.0.26100.5074_none_3e0d6f78e32fd63f\COMCTL32.dll
0x00007ff9886f0000 - 0x00007ff988717000 	C:\WINDOWS\System32\win32u.dll
0x00007ff98a050000 - 0x00007ff98a0f9000 	C:\WINDOWS\System32\msvcrt.dll
0x00007ff98a020000 - 0x00007ff98a04b000 	C:\WINDOWS\System32\GDI32.dll
0x00007ff9885c0000 - 0x00007ff9886ed000 	C:\WINDOWS\System32\gdi32full.dll
0x00007ff988510000 - 0x00007ff9885b3000 	C:\WINDOWS\System32\msvcp_win.dll
0x00007ff98b100000 - 0x00007ff98b12f000 	C:\WINDOWS\System32\IMM32.DLL
0x00007ff974280000 - 0x00007ff97428c000 	c:\Users\Shaunak Mishra\.vscode\extensions\redhat.java-1.45.0-win32-x64\jre\21.0.8-win32-x86_64\bin\vcruntime140_1.dll
0x00007ff92dae0000 - 0x00007ff92db6d000 	c:\Users\Shaunak Mishra\.vscode\extensions\redhat.java-1.45.0-win32-x64\jre\21.0.8-win32-x86_64\bin\msvcp140.dll
0x00007ff8f9d10000 - 0x00007ff8faaa7000 	c:\Users\Shaunak Mishra\.vscode\extensions\redhat.java-1.45.0-win32-x64\jre\21.0.8-win32-x86_64\bin\server\jvm.dll
0x00007ff98a520000 - 0x00007ff98a5d4000 	C:\WINDOWS\System32\ADVAPI32.dll
0x00007ff98a5e0000 - 0x00007ff98a686000 	C:\WINDOWS\System32\sechost.dll
0x00007ff98afe0000 - 0x00007ff98b0f8000 	C:\WINDOWS\System32\RPCRT4.dll
0x00007ff9891a0000 - 0x00007ff989214000 	C:\WINDOWS\System32\WS2_32.dll
0x00007ff986f10000 - 0x00007ff986f6e000 	C:\WINDOWS\SYSTEM32\POWRPROF.dll
0x00007ff976420000 - 0x00007ff97642b000 	C:\WINDOWS\SYSTEM32\VERSION.dll
0x00007ff97d480000 - 0x00007ff97d4b5000 	C:\WINDOWS\SYSTEM32\WINMM.dll
0x00007ff986ef0000 - 0x00007ff986f04000 	C:\WINDOWS\SYSTEM32\UMPDC.dll
0x00007ff9871d0000 - 0x00007ff9871eb000 	C:\WINDOWS\SYSTEM32\kernel.appcore.dll
0x00007ff974170000 - 0x00007ff97417a000 	c:\Users\Shaunak Mishra\.vscode\extensions\redhat.java-1.45.0-win32-x64\jre\21.0.8-win32-x86_64\bin\jimage.dll
0x00007ff985a90000 - 0x00007ff985cd2000 	C:\WINDOWS\SYSTEM32\DBGHELP.DLL
0x00007ff98a160000 - 0x00007ff98a4db000 	C:\WINDOWS\System32\combase.dll
0x00007ff988f60000 - 0x00007ff989037000 	C:\WINDOWS\System32\OLEAUT32.dll
0x00007ff95d100000 - 0x00007ff95d13d000 	C:\WINDOWS\SYSTEM32\dbgcore.DLL
0x00007ff9888a0000 - 0x00007ff988939000 	C:\WINDOWS\System32\bcryptPrimitives.dll
0x00007ff973c60000 - 0x00007ff973c6f000 	c:\Users\Shaunak Mishra\.vscode\extensions\redhat.java-1.45.0-win32-x64\jre\21.0.8-win32-x86_64\bin\instrument.dll
0x00007ff970480000 - 0x00007ff97049f000 	c:\Users\Shaunak Mishra\.vscode\extensions\redhat.java-1.45.0-win32-x64\jre\21.0.8-win32-x86_64\bin\java.dll
0x00007ff98a790000 - 0x00007ff98aedd000 	C:\WINDOWS\System32\SHELL32.dll
0x00007ff9883a0000 - 0x00007ff98850c000 	C:\WINDOWS\System32\wintypes.dll
0x00007ff985f70000 - 0x00007ff9867c9000 	C:\WINDOWS\SYSTEM32\windows.storage.dll
0x00007ff98a690000 - 0x00007ff98a780000 	C:\WINDOWS\System32\SHCORE.dll
0x00007ff989270000 - 0x00007ff9892d2000 	C:\WINDOWS\System32\shlwapi.dll
0x00007ff988230000 - 0x00007ff988259000 	C:\WINDOWS\SYSTEM32\profapi.dll
0x00007ff96cab0000 - 0x00007ff96cac8000 	c:\Users\Shaunak Mishra\.vscode\extensions\redhat.java-1.45.0-win32-x64\jre\21.0.8-win32-x86_64\bin\zip.dll
0x00007ff96ecd0000 - 0x00007ff96ece0000 	C:\Users\Shaunak Mishra\.vscode\extensions\redhat.java-1.45.0-win32-x64\jre\21.0.8-win32-x86_64\bin\net.dll
0x00007ff9762a0000 - 0x00007ff9763bf000 	C:\WINDOWS\SYSTEM32\WINHTTP.dll
0x00007ff987730000 - 0x00007ff98779b000 	C:\WINDOWS\system32\mswsock.dll
0x00007ff9690d0000 - 0x00007ff9690e6000 	C:\Users\Shaunak Mishra\.vscode\extensions\redhat.java-1.45.0-win32-x64\jre\21.0.8-win32-x86_64\bin\nio.dll
0x00007ff96eb80000 - 0x00007ff96eb90000 	c:\Users\Shaunak Mishra\.vscode\extensions\redhat.java-1.45.0-win32-x64\jre\21.0.8-win32-x86_64\bin\verify.dll
0x00007ff945990000 - 0x00007ff9459d4000 	C:\Users\Shaunak Mishra\AppData\Roaming\Code\User\globalStorage\redhat.java\1.45.0\config_win\org.eclipse.equinox.launcher\org.eclipse.equinox.launcher.win32.win32.x86_64_1.2.1400.v20250801-0854\eclipse_11916.dll
0x00007ff989bd0000 - 0x00007ff989d68000 	C:\WINDOWS\System32\ole32.dll
0x00007ff987b00000 - 0x00007ff987b1b000 	C:\WINDOWS\SYSTEM32\CRYPTSP.dll
0x00007ff987130000 - 0x00007ff98716b000 	C:\WINDOWS\system32\rsaenh.dll
0x00007ff9877d0000 - 0x00007ff9877fb000 	C:\WINDOWS\SYSTEM32\USERENV.dll
0x00007ff988200000 - 0x00007ff988226000 	C:\WINDOWS\SYSTEM32\bcrypt.dll
0x00007ff987960000 - 0x00007ff98796c000 	C:\WINDOWS\SYSTEM32\CRYPTBASE.dll
0x00007ff986b90000 - 0x00007ff986bc4000 	C:\WINDOWS\SYSTEM32\IPHLPAPI.DLL
0x00007ff988f50000 - 0x00007ff988f5a000 	C:\WINDOWS\System32\NSI.dll
0x00007ff934460000 - 0x00007ff9344a9000 	C:\Users\Shaunak Mishra\AppData\Local\Temp\jna--843261647\jna6754287171462238227.dll
0x00007ff98a510000 - 0x00007ff98a518000 	C:\WINDOWS\System32\PSAPI.DLL
0x00007ff976430000 - 0x00007ff97644e000 	C:\WINDOWS\SYSTEM32\dhcpcsvc6.DLL
0x00007ff975ba0000 - 0x00007ff975bc3000 	C:\WINDOWS\SYSTEM32\dhcpcsvc.DLL
0x00007ff975d10000 - 0x00007ff975d1e000 	C:\Users\Shaunak Mishra\.vscode\extensions\redhat.java-1.45.0-win32-x64\jre\21.0.8-win32-x86_64\bin\sunmscapi.dll
0x00007ff988720000 - 0x00007ff988897000 	C:\WINDOWS\System32\CRYPT32.dll
0x00007ff987c50000 - 0x00007ff987c80000 	C:\WINDOWS\SYSTEM32\ncrypt.dll
0x00007ff987c00000 - 0x00007ff987c3f000 	C:\WINDOWS\SYSTEM32\NTASN1.dll

JVMTI agents:
c:\Users\Shaunak Mishra\.vscode\extensions\redhat.java-1.45.0-win32-x64\lombok\lombok-1.18.39-4050.jar path:c:\Users\Shaunak Mishra\.vscode\extensions\redhat.java-1.45.0-win32-x64\jre\21.0.8-win32-x86_64\bin\instrument.dll, loaded, initialized, instrumentlib options:none

dbghelp: loaded successfully - version: 4.0.5 - missing functions: none
symbol engine: initialized successfully - sym options: 0x614 - pdb path: .;c:\Users\Shaunak Mishra\.vscode\extensions\redhat.java-1.45.0-win32-x64\jre\21.0.8-win32-x86_64\bin;C:\WINDOWS\SYSTEM32;C:\WINDOWS\WinSxS\amd64_microsoft.windows.common-controls_6595b64144ccf1df_6.0.26100.5074_none_3e0d6f78e32fd63f;c:\Users\Shaunak Mishra\.vscode\extensions\redhat.java-1.45.0-win32-x64\jre\21.0.8-win32-x86_64\bin\server;C:\Users\Shaunak Mishra\AppData\Roaming\Code\User\globalStorage\redhat.java\1.45.0\config_win\org.eclipse.equinox.launcher\org.eclipse.equinox.launcher.win32.win32.x86_64_1.2.1400.v20250801-0854;C:\Users\Shaunak Mishra\AppData\Local\Temp\jna--843261647

VM Arguments:
jvm_args: --add-modules=ALL-SYSTEM --add-opens=java.base/java.util=ALL-UNNAMED --add-opens=java.base/java.lang=ALL-UNNAMED --add-opens=java.base/sun.nio.fs=ALL-UNNAMED -Declipse.application=org.eclipse.jdt.ls.core.id1 -Dosgi.bundles.defaultStartLevel=4 -Declipse.product=org.eclipse.jdt.ls.core.product -Djava.import.generatesMetadataFilesAtProjectRoot=false -DDetectVMInstallationsJob.disabled=true -Dfile.encoding=utf8 -XX:+UseParallelGC -XX:GCTimeRatio=4 -XX:AdaptiveSizePolicyWeight=90 -Dsun.zip.disableMemoryMapping=true -Xmx2G -Xms100m -Xlog:disable -javaagent:c:\Users\Shaunak Mishra\.vscode\extensions\redhat.java-1.45.0-win32-x64\lombok\lombok-1.18.39-4050.jar -XX:+HeapDumpOnOutOfMemoryError -XX:HeapDumpPath=c:\Users\Shaunak Mishra\AppData\Roaming\Code\User\workspaceStorage\3b7185d564d7917b3f2df1bbc2ad3fb6\redhat.java -Daether.dependencyCollector.impl=bf 
java_command: c:\Users\Shaunak Mishra\.vscode\extensions\redhat.java-1.45.0-win32-x64\server\plugins\org.eclipse.equinox.launcher_1.7.0.v20250519-0528.jar -configuration c:\Users\Shaunak Mishra\AppData\Roaming\Code\User\globalStorage\redhat.java\1.45.0\config_win -data c:\Users\Shaunak Mishra\AppData\Roaming\Code\User\workspaceStorage\3b7185d564d7917b3f2df1bbc2ad3fb6\redhat.java\jdt_ws --pipe=\\.\pipe\lsp-7cb3c7d7c5b6bc80f14041b2175e8e91-sock
java_class_path (initial): c:\Users\Shaunak Mishra\.vscode\extensions\redhat.java-1.45.0-win32-x64\server\plugins\org.eclipse.equinox.launcher_1.7.0.v20250519-0528.jar
Launcher Type: SUN_STANDARD

[Global flags]
    uintx AdaptiveSizePolicyWeight                 = 90                                        {product} {command line}
     intx CICompilerCount                          = 4                                         {product} {ergonomic}
    uintx GCTimeRatio                              = 4                                         {product} {command line}
     bool HeapDumpOnOutOfMemoryError               = true                                   {manageable} {command line}
    ccstr HeapDumpPath                             = c:\Users\Shaunak Mishra\AppData\Roaming\Code\User\workspaceStorage\3b7185d564d7917b3f2df1bbc2ad3fb6\redhat.java         {manageable} {command line}
   size_t InitialHeapSize                          = 104857600                                 {product} {command line}
   size_t MaxHeapSize                              = 2147483648                                {product} {command line}
   size_t MaxNewSize                               = 715653120                                 {product} {ergonomic}
   size_t MinHeapDeltaBytes                        = 524288                                    {product} {ergonomic}
   size_t MinHeapSize                              = 104857600                                 {product} {command line}
   size_t NewSize                                  = 34603008                                  {product} {ergonomic}
    uintx NonNMethodCodeHeapSize                   = 5839372                                {pd product} {ergonomic}
    uintx NonProfiledCodeHeapSize                  = 122909434                              {pd product} {ergonomic}
   size_t OldSize                                  = 70254592                                  {product} {ergonomic}
    uintx ProfiledCodeHeapSize                     = 122909434                              {pd product} {ergonomic}
    uintx ReservedCodeCacheSize                    = 251658240                              {pd product} {ergonomic}
     bool SegmentedCodeCache                       = true                                      {product} {ergonomic}
   size_t SoftMaxHeapSize                          = 2147483648                             {manageable} {ergonomic}
     bool UseCompressedOops                        = true                           {product lp64_product} {ergonomic}
     bool UseLargePagesIndividualAllocation        = false                                  {pd product} {ergonomic}
     bool UseParallelGC                            = true                                      {product} {command line}

Logging:
Log output configuration:
 #0: stdout all=off uptime,level,tags foldmultilines=false
 #1: stderr all=off uptime,level,tags foldmultilines=false

Environment Variables:
PATH=C:\Program Files\Eclipse Adoptium\jdk-21.0.7.6-hotspot\bin;C:\Program Files\Common Files\Oracle\Java\javapath;C:\Windows\system32;C:\Windows;C:\Windows\System32\Wbem;C:\Windows\System32\WindowsPowerShell\v1.0\;C:\Windows\System32\OpenSSH\;C:\WINDOWS\system32;C:\WINDOWS;C:\WINDOWS\System32\Wbem;C:\WINDOWS\System32\WindowsPowerShell\v1.0\;C:\WINDOWS\System32\OpenSSH\;C:\Program Files\NVIDIA Corporation\NVIDIA App\NvDLISR;C:\Program Files (x86)\NVIDIA Corporation\PhysX\Common;C:\Program Files\dotnet\;C:\Program Files\Git\cmd;C:\ProgramData\chocolatey\bin;C:\Program Files\Elixir\bin;C:\Program Files\Elixir\bin;c:\Users\Shaunak Mishra\AppData\Local\Programs\cursor\resources\app\bin;C:\Program Files\MongoDB\Server\8.0\bin;C:\Program Files\nodejs\node_modules\npm\bin\npm;C:\Users\Shaunak Mishra\AppData\Roaming\npm;C:\Program Files\nodejs\;C:\Program Files\MongoDB\Server\8.0\bin;C:\Program Files\Docker\Docker\resources\bin;C:\mingw64\bin;C:\Program Files\Cloudflare\Cloudflare WARP\;C:\Program Files\Eclipse Adoptium\jdk-21.0.7.6-hotspot\bin;C:\Program Files\Common Files\Oracle\Java\javapath;C:\Windows\system32;C:\Windows;C:\Windows\System32\Wbem;C:\Windows\System32\WindowsPowerShell\v1.0\;C:\Windows\System32\OpenSSH\;C:\WINDOWS\system32;C:\WINDOWS;C:\WINDOWS\System32\Wbem;C:\WINDOWS\System32\WindowsPowerShell\v1.0\;C:\WINDOWS\System32\OpenSSH\;C:\Program Files\NVIDIA Corporation\NVIDIA App\NvDLISR;C:\Program Files (x86)\NVIDIA Corporation\PhysX\Common;C:\Program Files\dotnet\;C:\Program Files\Git\cmd;C:\ProgramData\chocolatey\bin;C:\Program Files\Elixir\bin;C:\Program Files\Elixir\bin;c:\Users\Shaunak Mishra\AppData\Local\Programs\cursor\resources\app\bin;C:\Program Files\MongoDB\Server\8.0\bin;C:\Program Files\nodejs\node_modules\npm\bin\npm;C:\Users\Shaunak Mishra\AppData\Roaming\npm;C:\Program Files\nodejs\;C:\Program Files\MongoDB\Server\8.0\bin;C:\Program Files\Docker\Docker\resources\bin;C:\mingw64\bin;C:\Program Files\Cloudflare\Cloudflare WARP\;C:\Program Files\OpenSSL-Win64\bin;C:\Users\Shaunak Mishra\AppData\Local\Programs\Microsoft VS Code\bin;C:\Users\Shaunak Mishra\AppData\Local\Programs\cursor\resources\app\bin;C:\Users\Shaunak Mishra\AppData\Local\Programs\Kiro\bin
USERNAME=Shaunak Mishra
OS=Windows_NT
PROCESSOR_IDENTIFIER=Intel64 Family 6 Model 186 Stepping 2, GenuineIntel
TMP=C:\Users\SHAUNA~1\AppData\Local\Temp
TEMP=C:\Users\SHAUNA~1\AppData\Local\Temp




Periodic native trim disabled

---------------  S Y S T E M  ---------------

OS:
 Windows 11 , 64 bit Build 26100 (10.0.26100.5074)
OS uptime: 0 days 13:26 hours
Hyper-V role detected

CPU: total 12 (initial active 12) (6 cores per cpu, 2 threads per core) family 6 model 186 stepping 2 microcode 0x5103, cx8, cmov, fxsr, ht, mmx, 3dnowpref, sse, sse2, sse3, ssse3, sse4.1, sse4.2, popcnt, lzcnt, tsc, tscinvbit, avx, avx2, aes, erms, clmul, bmi1, bmi2, adx, sha, fma, vzeroupper, clflush, clflushopt, clwb, hv, serialize, rdtscp, rdpid, fsrm, f16c, cet_ibt, cet_ss
Processor Information for the first 12 processors :
  Max Mhz: 2100, Current Mhz: 2100, Mhz Limit: 2100

Memory: 4k page, system-wide physical 16087M (1797M free)
TotalPageFile size 16087M (AvailPageFile size 14M)
current process WorkingSet (physical memory assigned to process): 759M, peak: 801M
current process commit charge ("private bytes"): 695M, peak: 736M

vm_info: OpenJDK 64-Bit Server VM (21.0.8+9-LTS) for windows-amd64 JRE (21.0.8+9-LTS), built on 2025-07-15T00:00:00Z by "admin" with MS VC++ 17.7 (VS2022)

END.
